#
# There is insufficient memory for the Java Runtime Environment to continue.
# Native memory allocation (malloc) failed to allocate 1656976 bytes for Chunk::new
# Possible reasons:
#   The system is out of physical RAM or swap space
#   The process is running with CompressedOops enabled, and the Java Heap may be blocking the growth of the native heap
# Possible solutions:
#   Reduce memory load on the system
#   Increase physical memory or swap space
#   Check if swap backing store is full
#   Decrease Java heap size (-Xmx/-Xms)
#   Decrease number of Java threads
#   Decrease Java thread stack sizes (-Xss)
#   Set larger code cache with -XX:ReservedCodeCacheSize=
#   JVM is running with Unscaled Compressed Oops mode in which the Java heap is
#     placed in the first 4GB address space. The Java Heap base address is the
#     maximum limit for the native heap growth. Please use -XX:HeapBaseMinAddress
#     to set the Java Heap base and to place the Java Heap above 4GB virtual address.
# This output file may be truncated or incomplete.
#
#  Out of Memory Error (./src/hotspot/share/memory/arena.cpp:197), pid=9728, tid=11128
#
# JRE version: OpenJDK Runtime Environment (11.0.11+9) (build 11.0.11+9-b60-7590822)
# Java VM: OpenJDK 64-Bit Server VM (11.0.11+9-b60-7590822, mixed mode, tiered, compressed oops, g1 gc, windows-amd64)
# No core dump will be written. Minidumps are not enabled by default on client versions of Windows
#

---------------  S U M M A R Y ------------

Command Line: --add-opens=java.base/java.util=ALL-UNNAMED --add-opens=java.base/java.lang=ALL-UNNAMED --add-opens=java.base/java.lang.invoke=ALL-UNNAMED --add-opens=java.prefs/java.util.prefs=ALL-UNNAMED -Xmx1536M -Dfile.encoding=windows-1252 -Duser.country=IN -Duser.language=en -Duser.variant org.gradle.launcher.daemon.bootstrap.GradleDaemon 6.7

Host: Intel(R) Core(TM) i5-6300U CPU @ 2.40GHz, 4 cores, 7G,  Windows 10 , 64 bit Build 19041 (10.0.19041.1566)
Time: Fri Apr 29 20:19:11 2022 India Standard Time elapsed time: 22.821064 seconds (0d 0h 0m 22s)

---------------  T H R E A D  ---------------

Current thread (0x000002494a310800):  JavaThread "C2 CompilerThread1" daemon [_thread_in_native, id=11128, stack(0x000000bb04700000,0x000000bb04800000)]


Current CompileTask:
C2:  22821 4529       4       org.objectweb.asm.MethodWriter::putMethodInfo (1274 bytes)

Stack: [0x000000bb04700000,0x000000bb04800000]
Native frames: (J=compiled Java code, j=interpreted, Vv=VM code, C=native code)
V  [jvm.dll+0x5f214a]
V  [jvm.dll+0x726fb5]
V  [jvm.dll+0x7285cd]
V  [jvm.dll+0x728c83]
V  [jvm.dll+0x243278]
V  [jvm.dll+0xbc53c]
V  [jvm.dll+0xbca3c]
V  [jvm.dll+0x353e7d]
V  [jvm.dll+0x321893]
V  [jvm.dll+0x320d8a]
V  [jvm.dll+0x1fc1e2]
V  [jvm.dll+0x1fb3d4]
V  [jvm.dll+0x183d6c]
V  [jvm.dll+0x209a57]
V  [jvm.dll+0x2082a1]
V  [jvm.dll+0x6ef58f]
V  [jvm.dll+0x6e80b5]
V  [jvm.dll+0x5f1036]
C  [ucrtbase.dll+0x21bb2]
C  [KERNEL32.DLL+0x17034]
C  [ntdll.dll+0x52651]


---------------  P R O C E S S  ---------------

Threads class SMR info:
_java_thread_list=0x000002494a0386d0, length=56, elements={
0x000002492e3eb000, 0x0000024947476000, 0x0000024947484000, 0x0000024947497800,
0x0000024947499000, 0x000002494749b000, 0x00000249474a1000, 0x00000249474a3800,
0x00000249474a8800, 0x0000024947f5f800, 0x00000249496cd800, 0x0000024948f61000,
0x000002494998b000, 0x000002494969c000, 0x000002494921a000, 0x000002494b255000,
0x0000024948af8800, 0x000002494b418800, 0x00000249493a3000, 0x0000024948282000,
0x0000024948283000, 0x0000024948280800, 0x0000024948281000, 0x0000024948283800,
0x0000024948284800, 0x0000024948285000, 0x000002494827f800, 0x0000024948286000,
0x000002494a98b000, 0x000002494a98c000, 0x000002494a98c800, 0x000002494a98f000,
0x000002494a98d800, 0x000002494a98e000, 0x000002494a989800, 0x000002494a990000,
0x000002494a98a000, 0x000002494a994000, 0x000002494a993000, 0x000002494a990800,
0x000002494a995000, 0x000002494a995800, 0x000002494a992800, 0x000002494a996800,
0x000002494a997000, 0x000002494a991800, 0x000002494a998000, 0x000002494993d800,
0x0000024949938800, 0x000002494993a800, 0x000002494993c000, 0x000002494993c800,
0x000002494993b000, 0x0000024949939800, 0x0000024949944000, 0x000002494a310800
}

Java Threads: ( => current thread )
  0x000002492e3eb000 JavaThread "main" [_thread_blocked, id=3208, stack(0x000000bb00600000,0x000000bb00700000)]
  0x0000024947476000 JavaThread "Reference Handler" daemon [_thread_blocked, id=14164, stack(0x000000bb00d00000,0x000000bb00e00000)]
  0x0000024947484000 JavaThread "Finalizer" daemon [_thread_blocked, id=4952, stack(0x000000bb00e00000,0x000000bb00f00000)]
  0x0000024947497800 JavaThread "Signal Dispatcher" daemon [_thread_blocked, id=4780, stack(0x000000bb00f00000,0x000000bb01000000)]
  0x0000024947499000 JavaThread "Attach Listener" daemon [_thread_blocked, id=1596, stack(0x000000bb01000000,0x000000bb01100000)]
  0x000002494749b000 JavaThread "Service Thread" daemon [_thread_blocked, id=17044, stack(0x000000bb01100000,0x000000bb01200000)]
  0x00000249474a1000 JavaThread "C2 CompilerThread0" daemon [_thread_in_native, id=14772, stack(0x000000bb01200000,0x000000bb01300000)]
  0x00000249474a3800 JavaThread "C1 CompilerThread0" daemon [_thread_blocked, id=8884, stack(0x000000bb01300000,0x000000bb01400000)]
  0x00000249474a8800 JavaThread "Sweeper thread" daemon [_thread_blocked, id=6516, stack(0x000000bb01400000,0x000000bb01500000)]
  0x0000024947f5f800 JavaThread "Common-Cleaner" daemon [_thread_blocked, id=18172, stack(0x000000bb01500000,0x000000bb01600000)]
  0x00000249496cd800 JavaThread "Daemon health stats" [_thread_blocked, id=3340, stack(0x000000bb01a00000,0x000000bb01b00000)]
  0x0000024948f61000 JavaThread "Incoming local TCP Connector on port 52517" [_thread_in_native, id=16644, stack(0x000000bb01c00000,0x000000bb01d00000)]
  0x000002494998b000 JavaThread "Daemon periodic checks" [_thread_blocked, id=16164, stack(0x000000bb01e00000,0x000000bb01f00000)]
  0x000002494969c000 JavaThread "Daemon" [_thread_blocked, id=14628, stack(0x000000bb01f00000,0x000000bb02000000)]
  0x000002494921a000 JavaThread "Handler for socket connection from /127.0.0.1:52517 to /127.0.0.1:52518" [_thread_in_native, id=15484, stack(0x000000bb02000000,0x000000bb02100000)]
  0x000002494b255000 JavaThread "Cancel handler" [_thread_blocked, id=3876, stack(0x000000bb01d00000,0x000000bb01e00000)]
  0x0000024948af8800 JavaThread "Daemon worker" [_thread_blocked, id=17816, stack(0x000000bb02100000,0x000000bb02200000)]
  0x000002494b418800 JavaThread "Asynchronous log dispatcher for DefaultDaemonConnection: socket connection from /127.0.0.1:52517 to /127.0.0.1:52518" [_thread_blocked, id=7504, stack(0x000000bb02200000,0x000000bb02300000)]
  0x00000249493a3000 JavaThread "Stdin handler" [_thread_blocked, id=4140, stack(0x000000bb02300000,0x000000bb02400000)]
  0x0000024948282000 JavaThread "Thread-8" [_thread_blocked, id=17092, stack(0x000000bb02400000,0x000000bb02500000)]
  0x0000024948283000 JavaThread "Cache worker for file hash cache (C:\Users\DELL\.gradle\caches\6.7\fileHashes)" [_thread_blocked, id=11736, stack(0x000000bb02600000,0x000000bb02700000)]
  0x0000024948280800 JavaThread "File lock request listener" [_thread_in_native, id=6696, stack(0x000000bb02700000,0x000000bb02800000)]
  0x0000024948281000 JavaThread "Cache worker for journal cache (C:\Users\DELL\.gradle\caches\journal-1)" [_thread_blocked, id=228, stack(0x000000bb02800000,0x000000bb02900000)]
  0x0000024948283800 JavaThread "Cache worker for file hash cache (D:\recipes-mobile-app\android\.gradle\6.7\fileHashes)" [_thread_blocked, id=14672, stack(0x000000bb02900000,0x000000bb02a00000)]
  0x0000024948284800 JavaThread "jar transforms" [_thread_blocked, id=18412, stack(0x000000bb02a00000,0x000000bb02b00000)]
  0x0000024948285000 JavaThread "jar transforms Thread 2" [_thread_blocked, id=6896, stack(0x000000bb02b00000,0x000000bb02c00000)]
  0x000002494827f800 JavaThread "jar transforms Thread 3" [_thread_blocked, id=9984, stack(0x000000bb02c00000,0x000000bb02d00000)]
  0x0000024948286000 JavaThread "jar transforms Thread 4" [_thread_blocked, id=16888, stack(0x000000bb02d00000,0x000000bb02e00000)]
  0x000002494a98b000 JavaThread "jar transforms Thread 5" [_thread_blocked, id=18332, stack(0x000000bb02e00000,0x000000bb02f00000)]
  0x000002494a98c000 JavaThread "jar transforms Thread 6" [_thread_blocked, id=2112, stack(0x000000bb02f00000,0x000000bb03000000)]
  0x000002494a98c800 JavaThread "jar transforms Thread 7" [_thread_blocked, id=11576, stack(0x000000bb03000000,0x000000bb03100000)]
  0x000002494a98f000 JavaThread "jar transforms Thread 8" [_thread_blocked, id=18248, stack(0x000000bb03100000,0x000000bb03200000)]
  0x000002494a98d800 JavaThread "jar transforms Thread 9" [_thread_blocked, id=18336, stack(0x000000bb03200000,0x000000bb03300000)]
  0x000002494a98e000 JavaThread "jar transforms Thread 10" [_thread_blocked, id=11252, stack(0x000000bb03300000,0x000000bb03400000)]
  0x000002494a989800 JavaThread "jar transforms Thread 11" [_thread_blocked, id=2016, stack(0x000000bb03400000,0x000000bb03500000)]
  0x000002494a990000 JavaThread "jar transforms Thread 12" [_thread_blocked, id=772, stack(0x000000bb03500000,0x000000bb03600000)]
  0x000002494a98a000 JavaThread "jar transforms Thread 13" [_thread_blocked, id=1340, stack(0x000000bb03600000,0x000000bb03700000)]
  0x000002494a994000 JavaThread "jar transforms Thread 14" [_thread_blocked, id=17636, stack(0x000000bb03700000,0x000000bb03800000)]
  0x000002494a993000 JavaThread "jar transforms Thread 15" [_thread_blocked, id=17584, stack(0x000000bb03800000,0x000000bb03900000)]
  0x000002494a990800 JavaThread "jar transforms Thread 16" [_thread_blocked, id=17744, stack(0x000000bb03900000,0x000000bb03a00000)]
  0x000002494a995000 JavaThread "jar transforms Thread 17" [_thread_blocked, id=13028, stack(0x000000bb03a00000,0x000000bb03b00000)]
  0x000002494a995800 JavaThread "jar transforms Thread 18" [_thread_blocked, id=14740, stack(0x000000bb03b00000,0x000000bb03c00000)]
  0x000002494a992800 JavaThread "jar transforms Thread 19" [_thread_blocked, id=17188, stack(0x000000bb03c00000,0x000000bb03d00000)]
  0x000002494a996800 JavaThread "jar transforms Thread 20" [_thread_blocked, id=10432, stack(0x000000bb03d00000,0x000000bb03e00000)]
  0x000002494a997000 JavaThread "jar transforms Thread 21" [_thread_blocked, id=8940, stack(0x000000bb03e00000,0x000000bb03f00000)]
  0x000002494a991800 JavaThread "jar transforms Thread 22" [_thread_blocked, id=15528, stack(0x000000bb03f00000,0x000000bb04000000)]
  0x000002494a998000 JavaThread "jar transforms Thread 23" [_thread_blocked, id=4516, stack(0x000000bb04000000,0x000000bb04100000)]
  0x000002494993d800 JavaThread "jar transforms Thread 24" [_thread_blocked, id=16156, stack(0x000000bb04100000,0x000000bb04200000)]
  0x0000024949938800 JavaThread "jar transforms Thread 25" [_thread_blocked, id=8636, stack(0x000000bb04200000,0x000000bb04300000)]
  0x000002494993a800 JavaThread "jar transforms Thread 26" [_thread_in_Java, id=2992, stack(0x000000bb04300000,0x000000bb04400000)]
  0x000002494993c000 JavaThread "Cache worker for checksums cache (D:\recipes-mobile-app\android\.gradle\checksums)" [_thread_blocked, id=8608, stack(0x000000bb04400000,0x000000bb04500000)]
  0x000002494993c800 JavaThread "Cache worker for cache directory md-supplier (C:\Users\DELL\.gradle\caches\6.7\md-supplier)" [_thread_blocked, id=17604, stack(0x000000bb04500000,0x000000bb04600000)]
  0x000002494993b000 JavaThread "Cache worker for cache directory md-rule (C:\Users\DELL\.gradle\caches\6.7\md-rule)" [_thread_blocked, id=11812, stack(0x000000bb04600000,0x000000bb04700000)]
  0x0000024949939800 JavaThread "Cache worker for execution history cache (C:\Users\DELL\.gradle\caches\6.7\executionHistory)" [_thread_blocked, id=9608, stack(0x000000bb04800000,0x000000bb04900000)]
  0x0000024949944000 JavaThread "Cache worker for file content cache (C:\Users\DELL\.gradle\caches\6.7\fileContent)" [_thread_blocked, id=12180, stack(0x000000bb04900000,0x000000bb04a00000)]
=>0x000002494a310800 JavaThread "C2 CompilerThread1" daemon [_thread_in_native, id=11128, stack(0x000000bb04700000,0x000000bb04800000)]

Other Threads:
  0x0000024947452000 VMThread "VM Thread" [stack: 0x000000bb00c00000,0x000000bb00d00000] [id=17956]
  0x0000024947f9e800 WatcherThread [stack: 0x000000bb01600000,0x000000bb01700000] [id=14532]
  0x000002492e403800 GCTaskThread "GC Thread#0" [stack: 0x000000bb00700000,0x000000bb00800000] [id=16324]
  0x00000249481e7800 GCTaskThread "GC Thread#1" [stack: 0x000000bb01800000,0x000000bb01900000] [id=17080]
  0x0000024948a74800 GCTaskThread "GC Thread#2" [stack: 0x000000bb01900000,0x000000bb01a00000] [id=17732]
  0x000002494987e000 GCTaskThread "GC Thread#3" [stack: 0x000000bb02500000,0x000000bb02600000] [id=18164]
  0x000002492e42a000 ConcurrentGCThread "G1 Main Marker" [stack: 0x000000bb00800000,0x000000bb00900000] [id=16916]
  0x000002492e42c000 ConcurrentGCThread "G1 Conc#0" [stack: 0x000000bb00900000,0x000000bb00a00000] [id=15288]
  0x000002492e4ba800 ConcurrentGCThread "G1 Refine#0" [stack: 0x000000bb00a00000,0x000000bb00b00000] [id=11272]
  0x000002492e4bb800 ConcurrentGCThread "G1 Young RemSet Sampling" [stack: 0x000000bb00b00000,0x000000bb00c00000] [id=4256]

Threads with active compile tasks:
C2 CompilerThread0  22877 4512 %     4       org.objectweb.asm.ClassReader::readCode @ 71 (5089 bytes)
C2 CompilerThread1  22877 4529       4       org.objectweb.asm.MethodWriter::putMethodInfo (1274 bytes)

VM state:not at safepoint (normal execution)

VM Mutex/Monitor currently owned by a thread: None

Heap address: 0x00000000a0000000, size: 1536 MB, Compressed Oops mode: 32-bit
Narrow klass base: 0x0000000000000000, Narrow klass shift: 3
Compressed class space size: 1073741824 Address: 0x0000000100000000

Heap:
 garbage-first heap   total 131072K, used 78991K [0x00000000a0000000, 0x0000000100000000)
  region size 1024K, 29 young (29696K), 5 survivors (5120K)
 Metaspace       used 43882K, capacity 44772K, committed 44924K, reserved 1089536K
  class space    used 5473K, capacity 5840K, committed 5888K, reserved 1048576K
Heap Regions: E=young(eden), S=young(survivor), O=old, HS=humongous(starts), HC=humongous(continues), CS=collection set, F=free, A=archive, TAMS=top-at-mark-start (previous, next)
|   0|0x00000000a0000000, 0x00000000a0100000, 0x00000000a0100000|100%| O|  |TAMS 0x00000000a0100000, 0x00000000a0000000| Untracked 
|   1|0x00000000a0100000, 0x00000000a0200000, 0x00000000a0200000|100%| O|  |TAMS 0x00000000a0200000, 0x00000000a0100000| Untracked 
|   2|0x00000000a0200000, 0x00000000a0300000, 0x00000000a0300000|100%| O|  |TAMS 0x00000000a0300000, 0x00000000a0200000| Untracked 
|   3|0x00000000a0300000, 0x00000000a0400000, 0x00000000a0400000|100%|HS|  |TAMS 0x00000000a0400000, 0x00000000a0300000| Complete 
|   4|0x00000000a0400000, 0x00000000a0500000, 0x00000000a0500000|100%|HC|  |TAMS 0x00000000a0500000, 0x00000000a0400000| Complete 
|   5|0x00000000a0500000, 0x00000000a0600000, 0x00000000a0600000|100%|HC|  |TAMS 0x00000000a0600000, 0x00000000a0500000| Complete 
|   6|0x00000000a0600000, 0x00000000a0700000, 0x00000000a0700000|100%| O|  |TAMS 0x00000000a0700000, 0x00000000a0600000| Untracked 
|   7|0x00000000a0700000, 0x00000000a0800000, 0x00000000a0800000|100%| O|  |TAMS 0x00000000a0800000, 0x00000000a0700000| Untracked 
|   8|0x00000000a0800000, 0x00000000a0900000, 0x00000000a0900000|100%| O|  |TAMS 0x00000000a0900000, 0x00000000a0800000| Untracked 
|   9|0x00000000a0900000, 0x00000000a0a00000, 0x00000000a0a00000|100%| O|  |TAMS 0x00000000a0a00000, 0x00000000a0900000| Untracked 
|  10|0x00000000a0a00000, 0x00000000a0b00000, 0x00000000a0b00000|100%| O|  |TAMS 0x00000000a0b00000, 0x00000000a0a00000| Untracked 
|  11|0x00000000a0b00000, 0x00000000a0c00000, 0x00000000a0c00000|100%| O|  |TAMS 0x00000000a0c00000, 0x00000000a0b00000| Untracked 
|  12|0x00000000a0c00000, 0x00000000a0d00000, 0x00000000a0d00000|100%| O|  |TAMS 0x00000000a0d00000, 0x00000000a0c00000| Untracked 
|  13|0x00000000a0d00000, 0x00000000a0e00000, 0x00000000a0e00000|100%|HS|  |TAMS 0x00000000a0e00000, 0x00000000a0d00000| Complete 
|  14|0x00000000a0e00000, 0x00000000a0f00000, 0x00000000a0f00000|100%|HC|  |TAMS 0x00000000a0f00000, 0x00000000a0e00000| Complete 
|  15|0x00000000a0f00000, 0x00000000a1000000, 0x00000000a1000000|100%|HS|  |TAMS 0x00000000a1000000, 0x00000000a0f00000| Complete 
|  16|0x00000000a1000000, 0x00000000a1100000, 0x00000000a1100000|100%|HC|  |TAMS 0x00000000a1100000, 0x00000000a1000000| Complete 
|  17|0x00000000a1100000, 0x00000000a1200000, 0x00000000a1200000|100%|HC|  |TAMS 0x00000000a1200000, 0x00000000a1100000| Complete 
|  18|0x00000000a1200000, 0x00000000a1300000, 0x00000000a1300000|100%|HS|  |TAMS 0x00000000a1300000, 0x00000000a1200000| Complete 
|  19|0x00000000a1300000, 0x00000000a1400000, 0x00000000a1400000|100%|HC|  |TAMS 0x00000000a1400000, 0x00000000a1300000| Complete 
|  20|0x00000000a1400000, 0x00000000a1500000, 0x00000000a1500000|100%|HC|  |TAMS 0x00000000a1500000, 0x00000000a1400000| Complete 
|  21|0x00000000a1500000, 0x00000000a1600000, 0x00000000a1600000|100%|HC|  |TAMS 0x00000000a1600000, 0x00000000a1500000| Complete 
|  22|0x00000000a1600000, 0x00000000a1700000, 0x00000000a1700000|100%| O|  |TAMS 0x00000000a1700000, 0x00000000a1600000| Untracked 
|  23|0x00000000a1700000, 0x00000000a1800000, 0x00000000a1800000|100%| O|  |TAMS 0x00000000a1800000, 0x00000000a1700000| Untracked 
|  24|0x00000000a1800000, 0x00000000a1900000, 0x00000000a1900000|100%| O|  |TAMS 0x00000000a1900000, 0x00000000a1800000| Untracked 
|  25|0x00000000a1900000, 0x00000000a1a00000, 0x00000000a1a00000|100%| O|  |TAMS 0x00000000a1a00000, 0x00000000a1900000| Untracked 
|  26|0x00000000a1a00000, 0x00000000a1b00000, 0x00000000a1b00000|100%| O|  |TAMS 0x00000000a1b00000, 0x00000000a1a00000| Untracked 
|  27|0x00000000a1b00000, 0x00000000a1c00000, 0x00000000a1c00000|100%| O|  |TAMS 0x00000000a1c00000, 0x00000000a1b00000| Untracked 
|  28|0x00000000a1c00000, 0x00000000a1d00000, 0x00000000a1d00000|100%| O|  |TAMS 0x00000000a1d00000, 0x00000000a1c00000| Untracked 
|  29|0x00000000a1d00000, 0x00000000a1e00000, 0x00000000a1e00000|100%| O|  |TAMS 0x00000000a1e00000, 0x00000000a1d00000| Untracked 
|  30|0x00000000a1e00000, 0x00000000a1f00000, 0x00000000a1f00000|100%| O|  |TAMS 0x00000000a1f00000, 0x00000000a1e00000| Untracked 
|  31|0x00000000a1f00000, 0x00000000a2000000, 0x00000000a2000000|100%| O|  |TAMS 0x00000000a2000000, 0x00000000a1f00000| Untracked 
|  32|0x00000000a2000000, 0x00000000a2100000, 0x00000000a2100000|100%| O|  |TAMS 0x00000000a206d800, 0x00000000a2000000| Untracked 
|  33|0x00000000a2100000, 0x00000000a2200000, 0x00000000a2200000|100%|HS|  |TAMS 0x00000000a2100000, 0x00000000a2100000| Complete 
|  34|0x00000000a2200000, 0x00000000a2300000, 0x00000000a2300000|100%|HC|  |TAMS 0x00000000a2200000, 0x00000000a2200000| Complete 
|  35|0x00000000a2300000, 0x00000000a2400000, 0x00000000a2400000|100%|HC|  |TAMS 0x00000000a2300000, 0x00000000a2300000| Complete 
|  36|0x00000000a2400000, 0x00000000a2500000, 0x00000000a2500000|100%|HC|  |TAMS 0x00000000a2400000, 0x00000000a2400000| Complete 
|  37|0x00000000a2500000, 0x00000000a2600000, 0x00000000a2600000|100%| O|  |TAMS 0x00000000a2500000, 0x00000000a2500000| Untracked 
|  38|0x00000000a2600000, 0x00000000a2700000, 0x00000000a2700000|100%| O|  |TAMS 0x00000000a2600000, 0x00000000a2600000| Untracked 
|  39|0x00000000a2700000, 0x00000000a2800000, 0x00000000a2800000|100%| O|  |TAMS 0x00000000a2700000, 0x00000000a2700000| Untracked 
|  40|0x00000000a2800000, 0x00000000a2900000, 0x00000000a2900000|100%| O|  |TAMS 0x00000000a2800000, 0x00000000a2800000| Untracked 
|  41|0x00000000a2900000, 0x00000000a2a00000, 0x00000000a2a00000|100%| O|  |TAMS 0x00000000a2900000, 0x00000000a2900000| Untracked 
|  42|0x00000000a2a00000, 0x00000000a2b00000, 0x00000000a2b00000|100%| O|  |TAMS 0x00000000a2a00000, 0x00000000a2a00000| Untracked 
|  43|0x00000000a2b00000, 0x00000000a2c00000, 0x00000000a2c00000|100%| O|  |TAMS 0x00000000a2b00000, 0x00000000a2b00000| Untracked 
|  44|0x00000000a2c00000, 0x00000000a2d00000, 0x00000000a2d00000|100%| O|  |TAMS 0x00000000a2c00000, 0x00000000a2c00000| Untracked 
|  45|0x00000000a2d00000, 0x00000000a2e00000, 0x00000000a2e00000|100%| O|  |TAMS 0x00000000a2d00000, 0x00000000a2d00000| Untracked 
|  46|0x00000000a2e00000, 0x00000000a2f00000, 0x00000000a2f00000|100%| O|  |TAMS 0x00000000a2e00000, 0x00000000a2e00000| Untracked 
|  47|0x00000000a2f00000, 0x00000000a3000000, 0x00000000a3000000|100%| O|  |TAMS 0x00000000a2f00000, 0x00000000a2f00000| Untracked 
|  48|0x00000000a3000000, 0x00000000a3100000, 0x00000000a3100000|100%| O|  |TAMS 0x00000000a3000000, 0x00000000a3000000| Untracked 
|  49|0x00000000a3100000, 0x00000000a3179000, 0x00000000a3200000| 47%| O|  |TAMS 0x00000000a3100000, 0x00000000a3100000| Untracked 
|  50|0x00000000a3200000, 0x00000000a3200000, 0x00000000a3300000|  0%| F|  |TAMS 0x00000000a3200000, 0x00000000a3200000| Untracked 
|  51|0x00000000a3300000, 0x00000000a3300000, 0x00000000a3400000|  0%| F|  |TAMS 0x00000000a3300000, 0x00000000a3300000| Untracked 
|  52|0x00000000a3400000, 0x00000000a3400000, 0x00000000a3500000|  0%| F|  |TAMS 0x00000000a3400000, 0x00000000a3400000| Untracked 
|  53|0x00000000a3500000, 0x00000000a3500000, 0x00000000a3600000|  0%| F|  |TAMS 0x00000000a3500000, 0x00000000a3500000| Untracked 
|  54|0x00000000a3600000, 0x00000000a3600000, 0x00000000a3700000|  0%| F|  |TAMS 0x00000000a3600000, 0x00000000a3600000| Untracked 
|  55|0x00000000a3700000, 0x00000000a3700000, 0x00000000a3800000|  0%| F|  |TAMS 0x00000000a3700000, 0x00000000a3700000| Untracked 
|  56|0x00000000a3800000, 0x00000000a3800000, 0x00000000a3900000|  0%| F|  |TAMS 0x00000000a3800000, 0x00000000a3800000| Untracked 
|  57|0x00000000a3900000, 0x00000000a3900000, 0x00000000a3a00000|  0%| F|  |TAMS 0x00000000a3900000, 0x00000000a3900000| Untracked 
|  58|0x00000000a3a00000, 0x00000000a3a00000, 0x00000000a3b00000|  0%| F|  |TAMS 0x00000000a3a00000, 0x00000000a3a00000| Untracked 
|  59|0x00000000a3b00000, 0x00000000a3b00000, 0x00000000a3c00000|  0%| F|  |TAMS 0x00000000a3b00000, 0x00000000a3b00000| Untracked 
|  60|0x00000000a3c00000, 0x00000000a3c00000, 0x00000000a3d00000|  0%| F|  |TAMS 0x00000000a3c00000, 0x00000000a3c00000| Untracked 
|  61|0x00000000a3d00000, 0x00000000a3d00000, 0x00000000a3e00000|  0%| F|  |TAMS 0x00000000a3d00000, 0x00000000a3d00000| Untracked 
|  62|0x00000000a3e00000, 0x00000000a3e00000, 0x00000000a3f00000|  0%| F|  |TAMS 0x00000000a3e00000, 0x00000000a3e00000| Untracked 
|  63|0x00000000a3f00000, 0x00000000a3f00000, 0x00000000a4000000|  0%| F|  |TAMS 0x00000000a3f00000, 0x00000000a3f00000| Untracked 
|  64|0x00000000a4000000, 0x00000000a4000000, 0x00000000a4100000|  0%| F|  |TAMS 0x00000000a4000000, 0x00000000a4000000| Untracked 
|  65|0x00000000a4100000, 0x00000000a4100000, 0x00000000a4200000|  0%| F|  |TAMS 0x00000000a4100000, 0x00000000a4100000| Untracked 
|  66|0x00000000a4200000, 0x00000000a4200000, 0x00000000a4300000|  0%| F|  |TAMS 0x00000000a4200000, 0x00000000a4200000| Untracked 
|  67|0x00000000a4300000, 0x00000000a4300000, 0x00000000a4400000|  0%| F|  |TAMS 0x00000000a4300000, 0x00000000a4300000| Untracked 
|  68|0x00000000a4400000, 0x00000000a4400000, 0x00000000a4500000|  0%| F|  |TAMS 0x00000000a4400000, 0x00000000a4400000| Untracked 
|  69|0x00000000a4500000, 0x00000000a4500000, 0x00000000a4600000|  0%| F|  |TAMS 0x00000000a4500000, 0x00000000a4500000| Untracked 
|  70|0x00000000a4600000, 0x00000000a4600000, 0x00000000a4700000|  0%| F|  |TAMS 0x00000000a4600000, 0x00000000a4600000| Untracked 
|  71|0x00000000a4700000, 0x00000000a4700000, 0x00000000a4800000|  0%| F|  |TAMS 0x00000000a4700000, 0x00000000a4700000| Untracked 
|  72|0x00000000a4800000, 0x00000000a4800000, 0x00000000a4900000|  0%| F|  |TAMS 0x00000000a4800000, 0x00000000a4800000| Untracked 
|  73|0x00000000a4900000, 0x00000000a4900000, 0x00000000a4a00000|  0%| F|  |TAMS 0x00000000a4900000, 0x00000000a4900000| Untracked 
|  74|0x00000000a4a00000, 0x00000000a4a00000, 0x00000000a4b00000|  0%| F|  |TAMS 0x00000000a4a00000, 0x00000000a4a00000| Untracked 
|  75|0x00000000a4b00000, 0x00000000a4baacb0, 0x00000000a4c00000| 66%| S|CS|TAMS 0x00000000a4b00000, 0x00000000a4b00000| Complete 
|  76|0x00000000a4c00000, 0x00000000a4d00000, 0x00000000a4d00000|100%| S|CS|TAMS 0x00000000a4c00000, 0x00000000a4c00000| Complete 
|  77|0x00000000a4d00000, 0x00000000a4e00000, 0x00000000a4e00000|100%| S|CS|TAMS 0x00000000a4d00000, 0x00000000a4d00000| Complete 
|  78|0x00000000a4e00000, 0x00000000a4f00000, 0x00000000a4f00000|100%| S|CS|TAMS 0x00000000a4e00000, 0x00000000a4e00000| Complete 
|  79|0x00000000a4f00000, 0x00000000a5000000, 0x00000000a5000000|100%| S|CS|TAMS 0x00000000a4f00000, 0x00000000a4f00000| Complete 
|  80|0x00000000a5000000, 0x00000000a5000000, 0x00000000a5100000|  0%| F|  |TAMS 0x00000000a5000000, 0x00000000a5000000| Untracked 
|  81|0x00000000a5100000, 0x00000000a5100000, 0x00000000a5200000|  0%| F|  |TAMS 0x00000000a5100000, 0x00000000a5100000| Untracked 
|  82|0x00000000a5200000, 0x00000000a5200000, 0x00000000a5300000|  0%| F|  |TAMS 0x00000000a5200000, 0x00000000a5200000| Untracked 
|  83|0x00000000a5300000, 0x00000000a5300000, 0x00000000a5400000|  0%| F|  |TAMS 0x00000000a5300000, 0x00000000a5300000| Untracked 
|  84|0x00000000a5400000, 0x00000000a5400000, 0x00000000a5500000|  0%| F|  |TAMS 0x00000000a5400000, 0x00000000a5400000| Untracked 
|  85|0x00000000a5500000, 0x00000000a5500000, 0x00000000a5600000|  0%| F|  |TAMS 0x00000000a5500000, 0x00000000a5500000| Untracked 
|  86|0x00000000a5600000, 0x00000000a5600000, 0x00000000a5700000|  0%| F|  |TAMS 0x00000000a5600000, 0x00000000a5600000| Untracked 
|  87|0x00000000a5700000, 0x00000000a5700000, 0x00000000a5800000|  0%| F|  |TAMS 0x00000000a5700000, 0x00000000a5700000| Untracked 
|  88|0x00000000a5800000, 0x00000000a5800000, 0x00000000a5900000|  0%| F|  |TAMS 0x00000000a5800000, 0x00000000a5800000| Untracked 
|  89|0x00000000a5900000, 0x00000000a5900000, 0x00000000a5a00000|  0%| F|  |TAMS 0x00000000a5900000, 0x00000000a5900000| Untracked 
|  90|0x00000000a5a00000, 0x00000000a5a00000, 0x00000000a5b00000|  0%| F|  |TAMS 0x00000000a5a00000, 0x00000000a5a00000| Untracked 
|  91|0x00000000a5b00000, 0x00000000a5b00000, 0x00000000a5c00000|  0%| F|  |TAMS 0x00000000a5b00000, 0x00000000a5b00000| Untracked 
|  92|0x00000000a5c00000, 0x00000000a5c00000, 0x00000000a5d00000|  0%| F|  |TAMS 0x00000000a5c00000, 0x00000000a5c00000| Untracked 
|  93|0x00000000a5d00000, 0x00000000a5d00000, 0x00000000a5e00000|  0%| F|  |TAMS 0x00000000a5d00000, 0x00000000a5d00000| Untracked 
|  94|0x00000000a5e00000, 0x00000000a5e00000, 0x00000000a5f00000|  0%| F|  |TAMS 0x00000000a5e00000, 0x00000000a5e00000| Untracked 
|  95|0x00000000a5f00000, 0x00000000a5f00000, 0x00000000a6000000|  0%| F|  |TAMS 0x00000000a5f00000, 0x00000000a5f00000| Untracked 
|  96|0x00000000a6000000, 0x00000000a6000000, 0x00000000a6100000|  0%| F|  |TAMS 0x00000000a6000000, 0x00000000a6000000| Untracked 
|  97|0x00000000a6100000, 0x00000000a6100000, 0x00000000a6200000|  0%| F|  |TAMS 0x00000000a6100000, 0x00000000a6100000| Untracked 
|  98|0x00000000a6200000, 0x00000000a6200000, 0x00000000a6300000|  0%| F|  |TAMS 0x00000000a6200000, 0x00000000a6200000| Untracked 
|  99|0x00000000a6300000, 0x00000000a6300000, 0x00000000a6400000|  0%| F|  |TAMS 0x00000000a6300000, 0x00000000a6300000| Untracked 
| 100|0x00000000a6400000, 0x00000000a6400000, 0x00000000a6500000|  0%| F|  |TAMS 0x00000000a6400000, 0x00000000a6400000| Untracked 
| 101|0x00000000a6500000, 0x00000000a6500000, 0x00000000a6600000|  0%| F|  |TAMS 0x00000000a6500000, 0x00000000a6500000| Untracked 
| 102|0x00000000a6600000, 0x00000000a6600000, 0x00000000a6700000|  0%| F|  |TAMS 0x00000000a6600000, 0x00000000a6600000| Untracked 
| 103|0x00000000a6700000, 0x00000000a6700000, 0x00000000a6800000|  0%| F|  |TAMS 0x00000000a6700000, 0x00000000a6700000| Untracked 
| 104|0x00000000a6800000, 0x00000000a6900000, 0x00000000a6900000|100%| E|  |TAMS 0x00000000a6800000, 0x00000000a6800000| Complete 
| 105|0x00000000a6900000, 0x00000000a6a00000, 0x00000000a6a00000|100%| E|CS|TAMS 0x00000000a6900000, 0x00000000a6900000| Complete 
| 106|0x00000000a6a00000, 0x00000000a6b00000, 0x00000000a6b00000|100%| E|CS|TAMS 0x00000000a6a00000, 0x00000000a6a00000| Complete 
| 107|0x00000000a6b00000, 0x00000000a6c00000, 0x00000000a6c00000|100%| E|CS|TAMS 0x00000000a6b00000, 0x00000000a6b00000| Complete 
| 108|0x00000000a6c00000, 0x00000000a6d00000, 0x00000000a6d00000|100%| E|CS|TAMS 0x00000000a6c00000, 0x00000000a6c00000| Complete 
| 109|0x00000000a6d00000, 0x00000000a6e00000, 0x00000000a6e00000|100%| E|CS|TAMS 0x00000000a6d00000, 0x00000000a6d00000| Complete 
| 110|0x00000000a6e00000, 0x00000000a6f00000, 0x00000000a6f00000|100%| E|CS|TAMS 0x00000000a6e00000, 0x00000000a6e00000| Complete 
| 111|0x00000000a6f00000, 0x00000000a7000000, 0x00000000a7000000|100%| E|CS|TAMS 0x00000000a6f00000, 0x00000000a6f00000| Complete 
| 112|0x00000000a7000000, 0x00000000a7100000, 0x00000000a7100000|100%| E|CS|TAMS 0x00000000a7000000, 0x00000000a7000000| Complete 
| 113|0x00000000a7100000, 0x00000000a7200000, 0x00000000a7200000|100%| E|CS|TAMS 0x00000000a7100000, 0x00000000a7100000| Complete 
| 114|0x00000000a7200000, 0x00000000a7300000, 0x00000000a7300000|100%| E|CS|TAMS 0x00000000a7200000, 0x00000000a7200000| Complete 
| 115|0x00000000a7300000, 0x00000000a7400000, 0x00000000a7400000|100%| E|CS|TAMS 0x00000000a7300000, 0x00000000a7300000| Complete 
| 116|0x00000000a7400000, 0x00000000a7500000, 0x00000000a7500000|100%| E|CS|TAMS 0x00000000a7400000, 0x00000000a7400000| Complete 
| 117|0x00000000a7500000, 0x00000000a7600000, 0x00000000a7600000|100%| E|CS|TAMS 0x00000000a7500000, 0x00000000a7500000| Complete 
| 118|0x00000000a7600000, 0x00000000a7700000, 0x00000000a7700000|100%| E|CS|TAMS 0x00000000a7600000, 0x00000000a7600000| Complete 
| 119|0x00000000a7700000, 0x00000000a7800000, 0x00000000a7800000|100%| E|CS|TAMS 0x00000000a7700000, 0x00000000a7700000| Complete 
| 120|0x00000000a7800000, 0x00000000a7900000, 0x00000000a7900000|100%| E|CS|TAMS 0x00000000a7800000, 0x00000000a7800000| Complete 
| 121|0x00000000a7900000, 0x00000000a7a00000, 0x00000000a7a00000|100%| E|CS|TAMS 0x00000000a7900000, 0x00000000a7900000| Complete 
| 122|0x00000000a7a00000, 0x00000000a7b00000, 0x00000000a7b00000|100%| E|CS|TAMS 0x00000000a7a00000, 0x00000000a7a00000| Complete 
| 123|0x00000000a7b00000, 0x00000000a7c00000, 0x00000000a7c00000|100%| E|CS|TAMS 0x00000000a7b00000, 0x00000000a7b00000| Complete 
| 124|0x00000000a7c00000, 0x00000000a7d00000, 0x00000000a7d00000|100%| E|CS|TAMS 0x00000000a7c00000, 0x00000000a7c00000| Complete 
| 125|0x00000000a7d00000, 0x00000000a7e00000, 0x00000000a7e00000|100%| E|CS|TAMS 0x00000000a7d00000, 0x00000000a7d00000| Complete 
| 126|0x00000000a7e00000, 0x00000000a7f00000, 0x00000000a7f00000|100%| E|CS|TAMS 0x00000000a7e00000, 0x00000000a7e00000| Complete 
| 127|0x00000000a7f00000, 0x00000000a8000000, 0x00000000a8000000|100%| E|CS|TAMS 0x00000000a7f00000, 0x00000000a7f00000| Complete 

Card table byte_map: [0x0000024941850000,0x0000024941b50000] _byte_map_base: 0x0000024941350000

Marking Bits (Prev, Next): (CMBitMap*) 0x000002492e4232a8, (CMBitMap*) 0x000002492e4232e0
 Prev Bits: [0x0000024941e50000, 0x0000024943650000)
 Next Bits: [0x0000024943650000, 0x0000024944e50000)

Polling page: 0x000002492e4d0000

Metaspace:

Usage:
  Non-class:     38.02 MB capacity,    37.51 MB ( 99%) used,   434.45 KB (  1%) free+waste,    88.00 KB ( <1%) overhead. 
      Class:      5.70 MB capacity,     5.34 MB ( 94%) used,   324.89 KB (  6%) free+waste,    42.06 KB ( <1%) overhead. 
       Both:     43.72 MB capacity,    42.85 MB ( 98%) used,   759.34 KB (  2%) free+waste,   130.06 KB ( <1%) overhead. 

Virtual space:
  Non-class space:       40.00 MB reserved,      38.12 MB ( 95%) committed 
      Class space:        1.00 GB reserved,       5.75 MB ( <1%) committed 
             Both:        1.04 GB reserved,      43.87 MB (  4%) committed 

Chunk freelists:
   Non-Class:  40.00 KB
       Class:  16.00 KB
        Both:  56.00 KB

MaxMetaspaceSize: 17179869184.00 GB
CompressedClassSpaceSize: 1.00 GB

CodeHeap 'non-profiled nmethods': size=120064Kb used=3570Kb max_used=3570Kb free=116493Kb
 bounds [0x00000249399d0000, 0x0000024939d50000, 0x0000024940f10000]
CodeHeap 'profiled nmethods': size=120000Kb used=10450Kb max_used=10450Kb free=109549Kb
 bounds [0x00000249324a0000, 0x0000024932ee0000, 0x00000249399d0000]
CodeHeap 'non-nmethods': size=5696Kb used=2210Kb max_used=2300Kb free=3485Kb
 bounds [0x0000024931f10000, 0x0000024932180000, 0x00000249324a0000]
 total_blobs=5266 nmethods=4486 adapters=690
 compilation: enabled
              stopped_count=0, restarted_count=0
 full_count=0

Compilation events (20 events):
Event: 22.630 Thread 0x000002494a310800 nmethod 4519 0x0000024939d49e90 code [0x0000024939d4a020, 0x0000024939d4a158]
Event: 22.630 Thread 0x000002494a310800 4520       4       org.apache.tools.zip.ZipOutputStream$CurrentEntry::<init> (30 bytes)
Event: 22.632 Thread 0x000002494a310800 nmethod 4520 0x0000024939d4a210 code [0x0000024939d4a3a0, 0x0000024939d4a4d8]
Event: 22.632 Thread 0x000002494a310800 4521       4       org.objectweb.asm.MethodVisitor::visitIntInsn (17 bytes)
Event: 22.649 Thread 0x000002494a310800 nmethod 4521 0x0000024939d4a590 code [0x0000024939d4a760, 0x0000024939d4b198]
Event: 22.649 Thread 0x000002494a310800 4522       4       org.objectweb.asm.MethodWriter::visitIntInsn (113 bytes)
Event: 22.652 Thread 0x00000249474a3800 4523       3       org.objectweb.asm.MethodWriter::visitAnnotation (40 bytes)
Event: 22.653 Thread 0x00000249474a3800 nmethod 4523 0x0000024932ecc490 code [0x0000024932ecc700, 0x0000024932ecd138]
Event: 22.655 Thread 0x00000249474a3800 4524       3       org.objectweb.asm.SymbolTable::getConstantPoolLength (8 bytes)
Event: 22.655 Thread 0x00000249474a3800 nmethod 4524 0x0000024932ecd510 code [0x0000024932ecd6c0, 0x0000024932ecd7d8]
Event: 22.655 Thread 0x00000249474a3800 4525       3       org.objectweb.asm.ByteVector::<init> (12 bytes)
Event: 22.656 Thread 0x00000249474a3800 nmethod 4525 0x0000024932ecd890 code [0x0000024932ecda40, 0x0000024932ecdc98]
Event: 22.656 Thread 0x00000249474a3800 4526       3       org.objectweb.asm.SymbolTable::putConstantPool (28 bytes)
Event: 22.656 Thread 0x00000249474a3800 nmethod 4526 0x0000024932ecdd90 code [0x0000024932ecdf60, 0x0000024932ece0f8]
Event: 22.657 Thread 0x00000249474a3800 4527       3       org.objectweb.asm.ClassWriter::toByteArray (1513 bytes)
Event: 22.665 Thread 0x00000249474a3800 nmethod 4527 0x0000024932ece210 code [0x0000024932eceb20, 0x0000024932ed28c8]
Event: 22.666 Thread 0x000002494a310800 nmethod 4522 0x0000024939d4b690 code [0x0000024939d4b840, 0x0000024939d4c2b8]
Event: 22.666 Thread 0x000002494a310800 4528       4       org.objectweb.asm.MethodWriter::hasFrames (13 bytes)
Event: 22.667 Thread 0x000002494a310800 nmethod 4528 0x0000024939d4c710 code [0x0000024939d4c8a0, 0x0000024939d4c918]
Event: 22.670 Thread 0x000002494a310800 4529       4       org.objectweb.asm.MethodWriter::putMethodInfo (1274 bytes)

GC Heap History (20 events):
Event: 11.755 GC heap before
{Heap before GC invocations=8 (full 0):
 garbage-first heap   total 131072K, used 36936K [0x00000000a0000000, 0x0000000100000000)
  region size 1024K, 14 young (14336K), 9 survivors (9216K)
 Metaspace       used 34839K, capacity 35610K, committed 35708K, reserved 1081344K
  class space    used 4501K, capacity 4790K, committed 4864K, reserved 1048576K
}
Event: 11.771 GC heap after
{Heap after GC invocations=9 (full 0):
 garbage-first heap   total 131072K, used 34517K [0x00000000a0000000, 0x0000000100000000)
  region size 1024K, 2 young (2048K), 2 survivors (2048K)
 Metaspace       used 34839K, capacity 35610K, committed 35708K, reserved 1081344K
  class space    used 4501K, capacity 4790K, committed 4864K, reserved 1048576K
}
Event: 14.721 GC heap before
{Heap before GC invocations=10 (full 0):
 garbage-first heap   total 131072K, used 86741K [0x00000000a0000000, 0x0000000100000000)
  region size 1024K, 51 young (52224K), 2 survivors (2048K)
 Metaspace       used 42942K, capacity 43848K, committed 44028K, reserved 1087488K
  class space    used 5388K, capacity 5723K, committed 5760K, reserved 1048576K
}
Event: 14.734 GC heap after
{Heap after GC invocations=11 (full 0):
 garbage-first heap   total 131072K, used 38046K [0x00000000a0000000, 0x0000000100000000)
  region size 1024K, 5 young (5120K), 5 survivors (5120K)
 Metaspace       used 42942K, capacity 43848K, committed 44028K, reserved 1087488K
  class space    used 5388K, capacity 5723K, committed 5760K, reserved 1048576K
}
Event: 16.716 GC heap before
{Heap before GC invocations=11 (full 0):
 garbage-first heap   total 131072K, used 94366K [0x00000000a0000000, 0x0000000100000000)
  region size 1024K, 55 young (56320K), 5 survivors (5120K)
 Metaspace       used 43839K, capacity 44769K, committed 44924K, reserved 1089536K
  class space    used 5472K, capacity 5840K, committed 5888K, reserved 1048576K
}
Event: 16.726 GC heap after
{Heap after GC invocations=12 (full 0):
 garbage-first heap   total 131072K, used 45195K [0x00000000a0000000, 0x0000000100000000)
  region size 1024K, 3 young (3072K), 3 survivors (3072K)
 Metaspace       used 43839K, capacity 44769K, committed 44924K, reserved 1089536K
  class space    used 5472K, capacity 5840K, committed 5888K, reserved 1048576K
}
Event: 17.977 GC heap before
{Heap before GC invocations=12 (full 0):
 garbage-first heap   total 131072K, used 94347K [0x00000000a0000000, 0x0000000100000000)
  region size 1024K, 52 young (53248K), 3 survivors (3072K)
 Metaspace       used 43853K, capacity 44769K, committed 44924K, reserved 1089536K
  class space    used 5472K, capacity 5840K, committed 5888K, reserved 1048576K
}
Event: 17.981 GC heap after
{Heap after GC invocations=13 (full 0):
 garbage-first heap   total 131072K, used 45862K [0x00000000a0000000, 0x0000000100000000)
  region size 1024K, 4 young (4096K), 4 survivors (4096K)
 Metaspace       used 43853K, capacity 44769K, committed 44924K, reserved 1089536K
  class space    used 5472K, capacity 5840K, committed 5888K, reserved 1048576K
}
Event: 18.533 GC heap before
{Heap before GC invocations=13 (full 0):
 garbage-first heap   total 131072K, used 96038K [0x00000000a0000000, 0x0000000100000000)
  region size 1024K, 54 young (55296K), 4 survivors (4096K)
 Metaspace       used 43854K, capacity 44769K, committed 44924K, reserved 1089536K
  class space    used 5472K, capacity 5840K, committed 5888K, reserved 1048576K
}
Event: 18.538 GC heap after
{Heap after GC invocations=14 (full 0):
 garbage-first heap   total 131072K, used 48548K [0x00000000a0000000, 0x0000000100000000)
  region size 1024K, 6 young (6144K), 6 survivors (6144K)
 Metaspace       used 43854K, capacity 44769K, committed 44924K, reserved 1089536K
  class space    used 5472K, capacity 5840K, committed 5888K, reserved 1048576K
}
Event: 18.926 GC heap before
{Heap before GC invocations=14 (full 0):
 garbage-first heap   total 131072K, used 98724K [0x00000000a0000000, 0x0000000100000000)
  region size 1024K, 55 young (56320K), 6 survivors (6144K)
 Metaspace       used 43858K, capacity 44769K, committed 44924K, reserved 1089536K
  class space    used 5472K, capacity 5840K, committed 5888K, reserved 1048576K
}
Event: 18.929 GC heap after
{Heap after GC invocations=15 (full 0):
 garbage-first heap   total 131072K, used 48745K [0x00000000a0000000, 0x0000000100000000)
  region size 1024K, 5 young (5120K), 5 survivors (5120K)
 Metaspace       used 43858K, capacity 44769K, committed 44924K, reserved 1089536K
  class space    used 5472K, capacity 5840K, committed 5888K, reserved 1048576K
}
Event: 19.501 GC heap before
{Heap before GC invocations=15 (full 0):
 garbage-first heap   total 131072K, used 99945K [0x00000000a0000000, 0x0000000100000000)
  region size 1024K, 55 young (56320K), 5 survivors (5120K)
 Metaspace       used 43858K, capacity 44769K, committed 44924K, reserved 1089536K
  class space    used 5472K, capacity 5840K, committed 5888K, reserved 1048576K
}
Event: 19.509 GC heap after
{Heap after GC invocations=16 (full 0):
 garbage-first heap   total 131072K, used 48984K [0x00000000a0000000, 0x0000000100000000)
  region size 1024K, 5 young (5120K), 5 survivors (5120K)
 Metaspace       used 43858K, capacity 44769K, committed 44924K, reserved 1089536K
  class space    used 5472K, capacity 5840K, committed 5888K, reserved 1048576K
}
Event: 20.201 GC heap before
{Heap before GC invocations=16 (full 0):
 garbage-first heap   total 131072K, used 100184K [0x00000000a0000000, 0x0000000100000000)
  region size 1024K, 55 young (56320K), 5 survivors (5120K)
 Metaspace       used 43869K, capacity 44772K, committed 44924K, reserved 1089536K
  class space    used 5472K, capacity 5840K, committed 5888K, reserved 1048576K
}
Event: 20.206 GC heap after
{Heap after GC invocations=17 (full 0):
 garbage-first heap   total 131072K, used 49799K [0x00000000a0000000, 0x0000000100000000)
  region size 1024K, 5 young (5120K), 5 survivors (5120K)
 Metaspace       used 43869K, capacity 44772K, committed 44924K, reserved 1089536K
  class space    used 5472K, capacity 5840K, committed 5888K, reserved 1048576K
}
Event: 21.152 GC heap before
{Heap before GC invocations=17 (full 0):
 garbage-first heap   total 131072K, used 103047K [0x00000000a0000000, 0x0000000100000000)
  region size 1024K, 56 young (57344K), 5 survivors (5120K)
 Metaspace       used 43870K, capacity 44772K, committed 44924K, reserved 1089536K
  class space    used 5472K, capacity 5840K, committed 5888K, reserved 1048576K
}
Event: 21.164 GC heap after
{Heap after GC invocations=18 (full 0):
 garbage-first heap   total 131072K, used 52576K [0x00000000a0000000, 0x0000000100000000)
  region size 1024K, 7 young (7168K), 7 survivors (7168K)
 Metaspace       used 43870K, capacity 44772K, committed 44924K, reserved 1089536K
  class space    used 5472K, capacity 5840K, committed 5888K, reserved 1048576K
}
Event: 22.242 GC heap before
{Heap before GC invocations=18 (full 0):
 garbage-first heap   total 131072K, used 101728K [0x00000000a0000000, 0x0000000100000000)
  region size 1024K, 55 young (56320K), 7 survivors (7168K)
 Metaspace       used 43878K, capacity 44772K, committed 44924K, reserved 1089536K
  class space    used 5472K, capacity 5840K, committed 5888K, reserved 1048576K
}
Event: 22.253 GC heap after
{Heap after GC invocations=19 (full 0):
 garbage-first heap   total 131072K, used 55439K [0x00000000a0000000, 0x0000000100000000)
  region size 1024K, 5 young (5120K), 5 survivors (5120K)
 Metaspace       used 43878K, capacity 44772K, committed 44924K, reserved 1089536K
  class space    used 5472K, capacity 5840K, committed 5888K, reserved 1048576K
}

Deoptimization events (20 events):
Event: 22.581 Thread 0x000002494993a800 Uncommon trap: trap_request=0xffffff4d fr.pc=0x0000024939c93ac4 relative=0x0000000000007a24
Event: 22.581 Thread 0x000002494993a800 Uncommon trap: reason=unstable_if action=reinterpret pc=0x0000024939c93ac4 method=org.objectweb.asm.ClassWriter.toByteArray()[B @ 364 c2
Event: 22.581 Thread 0x000002494993a800 DEOPT PACKING pc=0x0000024939c93ac4 sp=0x000000bb043fe420
Event: 22.581 Thread 0x000002494993a800 DEOPT UNPACKING pc=0x0000024931f3662f sp=0x000000bb043fe3e8 mode 2
Event: 22.625 Thread 0x000002494993a800 DEOPT PACKING pc=0x0000024932e75204 sp=0x000000bb043fde00
Event: 22.625 Thread 0x000002494993a800 DEOPT UNPACKING pc=0x0000024931f36dde sp=0x000000bb043fd470 mode 0
Event: 22.670 Thread 0x000002494993a800 DEOPT PACKING pc=0x0000024932e7625e sp=0x000000bb043fde00
Event: 22.670 Thread 0x000002494993a800 DEOPT UNPACKING pc=0x0000024931f36dde sp=0x000000bb043fd470 mode 0
Event: 22.764 Thread 0x000002494993a800 DEOPT PACKING pc=0x0000024932e7625e sp=0x000000bb043fde00
Event: 22.764 Thread 0x000002494993a800 DEOPT UNPACKING pc=0x0000024931f36dde sp=0x000000bb043fd470 mode 0
Event: 22.775 Thread 0x000002494993a800 DEOPT PACKING pc=0x0000024932e7625e sp=0x000000bb043fde00
Event: 22.775 Thread 0x000002494993a800 DEOPT UNPACKING pc=0x0000024931f36dde sp=0x000000bb043fd470 mode 0
Event: 22.781 Thread 0x000002494993a800 DEOPT PACKING pc=0x0000024932e7625e sp=0x000000bb043fde00
Event: 22.781 Thread 0x000002494993a800 DEOPT UNPACKING pc=0x0000024931f36dde sp=0x000000bb043fd470 mode 0
Event: 22.788 Thread 0x000002494993a800 DEOPT PACKING pc=0x0000024932e7625e sp=0x000000bb043fde00
Event: 22.788 Thread 0x000002494993a800 DEOPT UNPACKING pc=0x0000024931f36dde sp=0x000000bb043fd470 mode 0
Event: 22.795 Thread 0x000002494993a800 DEOPT PACKING pc=0x0000024932e75204 sp=0x000000bb043fde00
Event: 22.795 Thread 0x000002494993a800 DEOPT UNPACKING pc=0x0000024931f36dde sp=0x000000bb043fd470 mode 0
Event: 22.799 Thread 0x000002494993a800 DEOPT PACKING pc=0x0000024932e7625e sp=0x000000bb043fde00
Event: 22.799 Thread 0x000002494993a800 DEOPT UNPACKING pc=0x0000024931f36dde sp=0x000000bb043fd470 mode 0

Classes redefined (0 events):
No events

Internal exceptions (20 events):
Event: 14.098 Thread 0x0000024948af8800 Exception <a 'java/lang/ClassNotFoundException'{0x00000000a618a058}: sync_studio_tooling_4rz3mvdomm1wfrn137mduim0yBeanInfo> (0x00000000a618a058) thrown at [./src/hotspot/share/classfile/systemDictionary.cpp, line 231]
Event: 14.098 Thread 0x0000024948af8800 Exception <a 'java/lang/ClassNotFoundException'{0x00000000a6193b50}: sync_studio_tooling_4rz3mvdomm1wfrn137mduim0yCustomizer> (0x00000000a6193b50) thrown at [./src/hotspot/share/classfile/systemDictionary.cpp, line 231]
Event: 14.115 Thread 0x0000024948af8800 Exception <a 'java/lang/ClassNotFoundException'{0x00000000a61f89a0}: org/gradle/internal/metaobject/ConfigureDelegateBeanInfo> (0x00000000a61f89a0) thrown at [./src/hotspot/share/classfile/systemDictionary.cpp, line 231]
Event: 14.118 Thread 0x0000024948af8800 Exception <a 'java/lang/ClassNotFoundException'{0x00000000a60164b0}: org/gradle/internal/metaobject/ConfigureDelegateCustomizer> (0x00000000a60164b0) thrown at [./src/hotspot/share/classfile/systemDictionary.cpp, line 231]
Event: 14.145 Thread 0x0000024948af8800 Exception <a 'java/lang/ClassNotFoundException'{0x00000000a6072808}: org/gradle/api/internal/initialization/DefaultScriptHandlerBeanInfo> (0x00000000a6072808) thrown at [./src/hotspot/share/classfile/systemDictionary.cpp, line 231]
Event: 14.146 Thread 0x0000024948af8800 Exception <a 'java/lang/ClassNotFoundException'{0x00000000a60938a0}: org/gradle/api/internal/initialization/DefaultScriptHandlerCustomizer> (0x00000000a60938a0) thrown at [./src/hotspot/share/classfile/systemDictionary.cpp, line 231]
Event: 14.379 Thread 0x0000024948af8800 Exception <a 'java/lang/ClassNotFoundException'{0x00000000a5969c50}: org/gradle/api/internal/artifacts/dsl/dependencies/DefaultDependencyHandler_DecoratedBeanInfo> (0x00000000a5969c50) thrown at [./src/hotspot/share/classfile/systemDictionary.cpp, line 231]
Event: 14.380 Thread 0x0000024948af8800 Exception <a 'java/lang/ClassNotFoundException'{0x00000000a599cf60}: org/gradle/api/internal/artifacts/dsl/dependencies/DefaultDependencyHandlerBeanInfo> (0x00000000a599cf60) thrown at [./src/hotspot/share/classfile/systemDictionary.cpp, line 231]
Event: 14.381 Thread 0x0000024948af8800 Exception <a 'java/lang/ClassNotFoundException'{0x00000000a59d0058}: org/gradle/api/internal/artifacts/dsl/dependencies/DefaultDependencyHandlerCustomizer> (0x00000000a59d0058) thrown at [./src/hotspot/share/classfile/systemDictionary.cpp, line 231]
Event: 14.387 Thread 0x0000024948af8800 Exception <a 'java/lang/ClassNotFoundException'{0x00000000a5822410}: org/gradle/api/internal/artifacts/dsl/dependencies/DefaultDependencyHandler_DecoratedCustomizer> (0x00000000a5822410) thrown at [./src/hotspot/share/classfile/systemDictionary.cpp, line 231]
Event: 14.690 Thread 0x0000024948af8800 Exception <a 'java/lang/NoSuchMethodError'{0x00000000a4d51e88}: 'java.lang.Object java.lang.invoke.DirectMethodHandle$Holder.invokeStatic(java.lang.Object, java.lang.Object, java.lang.Object, int)'> (0x00000000a4d51e88) thrown at [./src/hotspot/share/interpreter/linkResolver.cpp, line 773]
Event: 14.691 Thread 0x0000024948af8800 Exception <a 'java/lang/NoSuchMethodError'{0x00000000a4d564a0}: 'java.lang.Object java.lang.invoke.DirectMethodHandle$Holder.invokeSpecial(java.lang.Object, java.lang.Object, java.lang.Object, java.lang.Object, int)'> (0x00000000a4d564a0) thrown at [./src/hotspot/share/interpreter/linkResolver.cpp, line 773]
Event: 14.691 Thread 0x0000024948af8800 Exception <a 'java/lang/NoSuchMethodError'{0x00000000a4d5a3d8}: 'java.lang.Object java.lang.invoke.Invokers$Holder.linkToTargetMethod(java.lang.Object, java.lang.Object, int, java.lang.Object)'> (0x00000000a4d5a3d8) thrown at [./src/hotspot/share/interpreter/linkResolver.cpp, line 773]
Event: 14.710 Thread 0x0000024948af8800 Exception <a 'java/lang/NoSuchMethodError'{0x00000000a4d9fcc8}: 'int java.lang.invoke.DirectMethodHandle$Holder.invokeInterface(java.lang.Object, java.lang.Object)'> (0x00000000a4d9fcc8) thrown at [./src/hotspot/share/interpreter/linkResolver.cpp, line 773]
Event: 14.711 Thread 0x0000024948af8800 Exception <a 'java/lang/IncompatibleClassChangeError'{0x00000000a4da3500}: Found class java.lang.Object, but interface was expected> (0x00000000a4da3500) thrown at [./src/hotspot/share/interpreter/linkResolver.cpp, line 839]
Event: 14.816 Thread 0x0000024948af8800 Exception <a 'java/lang/NoSuchMethodError'{0x00000000a7e15a00}: 'java.lang.Object java.lang.invoke.Invokers$Holder.linkToTargetMethod(java.lang.Object, int, java.lang.Object)'> (0x00000000a7e15a00) thrown at [./src/hotspot/share/interpreter/linkResolver.cpp, line 773]
Event: 14.908 Thread 0x0000024948af8800 Exception <a 'java/lang/NoSuchMethodError'{0x00000000a7a85440}: 'int java.lang.invoke.DirectMethodHandle$Holder.invokeStaticInit(java.lang.Object)'> (0x00000000a7a85440) thrown at [./src/hotspot/share/interpreter/linkResolver.cpp, line 773]
Event: 17.904 Thread 0x0000024949938800 Exception <a 'sun/nio/fs/WindowsException'{0x00000000a57fa478}> (0x00000000a57fa478) thrown at [./src/hotspot/share/prims/jni.cpp, line 615]
Event: 17.964 Thread 0x0000024949938800 Exception <a 'sun/nio/fs/WindowsException'{0x00000000a57fa630}> (0x00000000a57fa630) thrown at [./src/hotspot/share/prims/jni.cpp, line 615]
Event: 21.183 Thread 0x000002494993a800 Implicit null exception at 0x0000024939c12cbd to 0x0000024939c1314c

Events (20 events):
Event: 15.317 Thread 0x000002494a310800 Thread added: 0x000002494a310800
Event: 16.477 Loaded shared library C:\Program Files\Android\Android Studio\jre\bin\zip.dll
Event: 16.716 Executing VM operation: G1CollectForAllocation
Event: 16.726 Executing VM operation: G1CollectForAllocation done
Event: 17.977 Executing VM operation: G1CollectForAllocation
Event: 17.981 Executing VM operation: G1CollectForAllocation done
Event: 18.533 Executing VM operation: G1CollectForAllocation
Event: 18.538 Executing VM operation: G1CollectForAllocation done
Event: 18.925 Executing VM operation: G1CollectForAllocation
Event: 18.929 Executing VM operation: G1CollectForAllocation done
Event: 19.501 Executing VM operation: G1CollectForAllocation
Event: 19.509 Executing VM operation: G1CollectForAllocation done
Event: 20.201 Executing VM operation: G1CollectForAllocation
Event: 20.206 Executing VM operation: G1CollectForAllocation done
Event: 21.152 Executing VM operation: G1CollectForAllocation
Event: 21.164 Executing VM operation: G1CollectForAllocation done
Event: 22.242 Executing VM operation: G1CollectForAllocation
Event: 22.253 Executing VM operation: G1CollectForAllocation done
Event: 22.627 loading class org/apache/tools/zip/ZipOutputStream$1
Event: 22.627 loading class org/apache/tools/zip/ZipOutputStream$1 done


Dynamic libraries:
0x00007ff792dd0000 - 0x00007ff792dda000 	C:\Program Files\Android\Android Studio\jre\bin\java.exe
0x00007ffcfd810000 - 0x00007ffcfda05000 	C:\Windows\SYSTEM32\ntdll.dll
0x00007ffcfcb80000 - 0x00007ffcfcc3e000 	C:\Windows\System32\KERNEL32.DLL
0x00007ffcfb040000 - 0x00007ffcfb308000 	C:\Windows\System32\KERNELBASE.dll
0x00007ffcfb340000 - 0x00007ffcfb440000 	C:\Windows\System32\ucrtbase.dll
0x00007ffcd73e0000 - 0x00007ffcd73f7000 	C:\Program Files\Android\Android Studio\jre\bin\VCRUNTIME140.dll
0x00007ffcd6830000 - 0x00007ffcd6849000 	C:\Program Files\Android\Android Studio\jre\bin\jli.dll
0x00007ffcfcc40000 - 0x00007ffcfcde0000 	C:\Windows\System32\USER32.dll
0x00007ffce8130000 - 0x00007ffce83ca000 	C:\Windows\WinSxS\amd64_microsoft.windows.common-controls_6595b64144ccf1df_6.0.19041.1110_none_60b5254171f9507e\COMCTL32.dll
0x00007ffcfb310000 - 0x00007ffcfb332000 	C:\Windows\System32\win32u.dll
0x00007ffcfd040000 - 0x00007ffcfd0de000 	C:\Windows\System32\msvcrt.dll
0x00007ffcfc1d0000 - 0x00007ffcfc1fb000 	C:\Windows\System32\GDI32.dll
0x00007ffcfb760000 - 0x00007ffcfb86b000 	C:\Windows\System32\gdi32full.dll
0x00007ffcfb440000 - 0x00007ffcfb4dd000 	C:\Windows\System32\msvcp_win.dll
0x00007ffcfc260000 - 0x00007ffcfc290000 	C:\Windows\System32\IMM32.DLL
0x00007ffcbc020000 - 0x00007ffcbc0bd000 	C:\Program Files\Android\Android Studio\jre\bin\msvcp140.dll
0x00007ffc9ffb0000 - 0x00007ffca0a85000 	C:\Program Files\Android\Android Studio\jre\bin\server\jvm.dll
0x00007ffcfce60000 - 0x00007ffcfcf0e000 	C:\Windows\System32\ADVAPI32.dll
0x00007ffcfcae0000 - 0x00007ffcfcb7c000 	C:\Windows\System32\sechost.dll
0x00007ffcfcf10000 - 0x00007ffcfd035000 	C:\Windows\System32\RPCRT4.dll
0x00007ffcfc700000 - 0x00007ffcfc708000 	C:\Windows\System32\PSAPI.DLL
0x00007ffce3720000 - 0x00007ffce3729000 	C:\Windows\SYSTEM32\WSOCK32.dll
0x00007ffcf1f10000 - 0x00007ffcf1f1a000 	C:\Windows\SYSTEM32\VERSION.dll
0x00007ffcfc710000 - 0x00007ffcfc77b000 	C:\Windows\System32\WS2_32.dll
0x00007ffce63b0000 - 0x00007ffce63d7000 	C:\Windows\SYSTEM32\WINMM.dll
0x00007ffcf97d0000 - 0x00007ffcf97e2000 	C:\Windows\SYSTEM32\kernel.appcore.dll
0x00007ffcd66e0000 - 0x00007ffcd66f1000 	C:\Program Files\Android\Android Studio\jre\bin\verify.dll
0x00007ffcf8d30000 - 0x00007ffcf8f14000 	C:\Windows\SYSTEM32\DBGHELP.DLL
0x00007ffce5eb0000 - 0x00007ffce5edc000 	C:\Windows\SYSTEM32\dbgcore.DLL
0x00007ffcfaf30000 - 0x00007ffcfafb2000 	C:\Windows\System32\bcryptPrimitives.dll
0x00007ffcd30d0000 - 0x00007ffcd30f9000 	C:\Program Files\Android\Android Studio\jre\bin\java.dll
0x00007ffcea5d0000 - 0x00007ffcea5db000 	C:\Program Files\Android\Android Studio\jre\bin\jimage.dll
0x00007ffcd5770000 - 0x00007ffcd5788000 	C:\Program Files\Android\Android Studio\jre\bin\zip.dll
0x00007ffcfba70000 - 0x00007ffcfc1b4000 	C:\Windows\System32\SHELL32.dll
0x00007ffcf9020000 - 0x00007ffcf97b4000 	C:\Windows\SYSTEM32\windows.storage.dll
0x00007ffcfd350000 - 0x00007ffcfd6a4000 	C:\Windows\System32\combase.dll
0x00007ffcfa920000 - 0x00007ffcfa94c000 	C:\Windows\SYSTEM32\Wldp.dll
0x00007ffcfc9a0000 - 0x00007ffcfca4d000 	C:\Windows\System32\SHCORE.dll
0x00007ffcfd0e0000 - 0x00007ffcfd135000 	C:\Windows\System32\shlwapi.dll
0x00007ffcfae70000 - 0x00007ffcfae8f000 	C:\Windows\SYSTEM32\profapi.dll
0x00007ffcd5520000 - 0x00007ffcd553a000 	C:\Program Files\Android\Android Studio\jre\bin\net.dll
0x00007ffce9c80000 - 0x00007ffce9d89000 	C:\Windows\SYSTEM32\WINHTTP.dll
0x00007ffcfa680000 - 0x00007ffcfa6ea000 	C:\Windows\system32\mswsock.dll
0x00007ffcd3d30000 - 0x00007ffcd3d44000 	C:\Program Files\Android\Android Studio\jre\bin\nio.dll
0x00007ffccf570000 - 0x00007ffccf596000 	C:\Users\DELL\.gradle\native\fdc75f09e3144964f2cf3f50f0aa648679c211496f362492102eb8c894070792\windows-amd64\native-platform.dll
0x00007ffcb9a70000 - 0x00007ffcb9c01000 	C:\Users\DELL\.gradle\native\12488b8bf47d2d4c9fbf2f6322a914ad602e24e48041cd04a747c6da556b65c4\windows-amd64\native-platform-file-events.dll
0x00007ffcea1d0000 - 0x00007ffcea1da000 	C:\Program Files\Android\Android Studio\jre\bin\management.dll
0x00007ffcea150000 - 0x00007ffcea15d000 	C:\Program Files\Android\Android Studio\jre\bin\management_ext.dll
0x00007ffcfa870000 - 0x00007ffcfa888000 	C:\Windows\SYSTEM32\CRYPTSP.dll
0x00007ffcf9fa0000 - 0x00007ffcf9fd4000 	C:\Windows\system32\rsaenh.dll
0x00007ffcfb010000 - 0x00007ffcfb037000 	C:\Windows\System32\bcrypt.dll
0x00007ffcfadf0000 - 0x00007ffcfae1e000 	C:\Windows\SYSTEM32\USERENV.dll
0x00007ffcfa890000 - 0x00007ffcfa89c000 	C:\Windows\SYSTEM32\CRYPTBASE.dll
0x00007ffcfa310000 - 0x00007ffcfa34b000 	C:\Windows\SYSTEM32\IPHLPAPI.DLL
0x00007ffcfc1c0000 - 0x00007ffcfc1c8000 	C:\Windows\System32\NSI.dll
0x00007ffcf2040000 - 0x00007ffcf2057000 	C:\Windows\SYSTEM32\dhcpcsvc6.DLL
0x00007ffcf2020000 - 0x00007ffcf203d000 	C:\Windows\SYSTEM32\dhcpcsvc.DLL
0x00007ffcfa350000 - 0x00007ffcfa41a000 	C:\Windows\SYSTEM32\DNSAPI.dll
0x00007ffcf2210000 - 0x00007ffcf221b000 	C:\Windows\SYSTEM32\WINNSI.DLL

dbghelp: loaded successfully - version: 4.0.5 - missing functions: none
symbol engine: initialized successfully - sym options: 0x614 - pdb path: .;C:\Program Files\Android\Android Studio\jre\bin;C:\Windows\SYSTEM32;C:\Windows\WinSxS\amd64_microsoft.windows.common-controls_6595b64144ccf1df_6.0.19041.1110_none_60b5254171f9507e;C:\Program Files\Android\Android Studio\jre\bin\server;C:\Users\DELL\.gradle\native\fdc75f09e3144964f2cf3f50f0aa648679c211496f362492102eb8c894070792\windows-amd64;C:\Users\DELL\.gradle\native\12488b8bf47d2d4c9fbf2f6322a914ad602e24e48041cd04a747c6da556b65c4\windows-amd64

VM Arguments:
jvm_args: --add-opens=java.base/java.util=ALL-UNNAMED --add-opens=java.base/java.lang=ALL-UNNAMED --add-opens=java.base/java.lang.invoke=ALL-UNNAMED --add-opens=java.prefs/java.util.prefs=ALL-UNNAMED -Xmx1536M -Dfile.encoding=windows-1252 -Duser.country=IN -Duser.language=en -Duser.variant 
java_command: org.gradle.launcher.daemon.bootstrap.GradleDaemon 6.7
java_class_path (initial): C:\Users\DELL\.gradle\wrapper\dists\gradle-6.7-all\cuy9mc7upwgwgeb72wkcrupxe\gradle-6.7\lib\gradle-launcher-6.7.jar
Launcher Type: SUN_STANDARD

[Global flags]
     intx CICompilerCount                          = 3                                         {product} {ergonomic}
     uint ConcGCThreads                            = 1                                         {product} {ergonomic}
     uint G1ConcRefinementThreads                  = 4                                         {product} {ergonomic}
   size_t G1HeapRegionSize                         = 1048576                                   {product} {ergonomic}
    uintx GCDrainStackTargetSize                   = 64                                        {product} {ergonomic}
   size_t InitialHeapSize                          = 134217728                                 {product} {ergonomic}
   size_t MarkStackSize                            = 4194304                                   {product} {ergonomic}
   size_t MaxHeapSize                              = 1610612736                                {product} {command line}
   size_t MaxNewSize                               = 965738496                                 {product} {ergonomic}
   size_t MinHeapDeltaBytes                        = 1048576                                   {product} {ergonomic}
    uintx NonNMethodCodeHeapSize                   = 5830732                                {pd product} {ergonomic}
    uintx NonProfiledCodeHeapSize                  = 122913754                              {pd product} {ergonomic}
    uintx ProfiledCodeHeapSize                     = 122913754                              {pd product} {ergonomic}
    uintx ReservedCodeCacheSize                    = 251658240                              {pd product} {ergonomic}
     bool SegmentedCodeCache                       = true                                      {product} {ergonomic}
     bool UseCompressedClassPointers               = true                                 {lp64_product} {ergonomic}
     bool UseCompressedOops                        = true                                 {lp64_product} {ergonomic}
     bool UseG1GC                                  = true                                      {product} {ergonomic}
     bool UseLargePagesIndividualAllocation        = false                                  {pd product} {ergonomic}

Logging:
Log output configuration:
 #0: stdout all=warning uptime,level,tags
 #1: stderr all=off uptime,level,tags

Environment Variables:
PATH=C:\Windows\system32;C:\Windows;C:\Windows\System32\Wbem;C:\Windows\System32\WindowsPowerShell\v1.0\;C:\Windows\System32\OpenSSH\;C:\Program Files\Git\cmd;C:\Users\DELL\AppData\Local\Microsoft\WindowsApps;C:\Program Files\Android\Android Studio\bin;C:\Program Files\Git\bin;C:\flutter\bin;C:\Users\DELL\AppData\Local\Programs\Microsoft VS Code\bin;C:\Users\DELL\AppData\Local\Android\Sdk;C:\Users\DELL\AppData\Local\Android\Sdk\platform-tools;C:\Users\DELL\AppData\Local\Programs\Microsoft VS Code\bin;
USERNAME=DELL
OS=Windows_NT
PROCESSOR_IDENTIFIER=Intel64 Family 6 Model 78 Stepping 3, GenuineIntel



---------------  S Y S T E M  ---------------

OS: Windows 10 , 64 bit Build 19041 (10.0.19041.1566)
OS uptime: 20 days 5:40 hours

CPU:total 4 (initial active 4) (2 cores per cpu, 2 threads per core) family 6 model 78 stepping 3 microcode 0xcc, cmov, cx8, fxsr, mmx, sse, sse2, sse3, ssse3, sse4.1, sse4.2, popcnt, avx, avx2, aes, clmul, erms, rtm, 3dnowpref, lzcnt, ht, tsc, tscinvbit, bmi1, bmi2, adx, fma

Memory: 4k page, system-wide physical 8076M (407M free)
TotalPageFile size 20499M (AvailPageFile size 9M)
current process WorkingSet (physical memory assigned to process): 334M, peak: 338M
current process commit charge ("private bytes"): 375M, peak: 384M

vm_info: OpenJDK 64-Bit Server VM (11.0.11+9-b60-7590822) for windows-amd64 JRE (11.0.11+9-b60-7590822), built on Jul 29 2021 21:43:44 by "builder" with MS VC++ 14.0 (VS2015)

END.
