#
# There is insufficient memory for the Java Runtime Environment to continue.
# Native memory allocation (malloc) failed to allocate 1443856 bytes for Chunk::new
# Possible reasons:
#   The system is out of physical RAM or swap space
#   The process is running with CompressedOops enabled, and the Java Heap may be blocking the growth of the native heap
# Possible solutions:
#   Reduce memory load on the system
#   Increase physical memory or swap space
#   Check if swap backing store is full
#   Decrease Java heap size (-Xmx/-Xms)
#   Decrease number of Java threads
#   Decrease Java thread stack sizes (-Xss)
#   Set larger code cache with -XX:ReservedCodeCacheSize=
#   JVM is running with Unscaled Compressed Oops mode in which the Java heap is
#     placed in the first 4GB address space. The Java Heap base address is the
#     maximum limit for the native heap growth. Please use -XX:HeapBaseMinAddress
#     to set the Java Heap base and to place the Java Heap above 4GB virtual address.
# This output file may be truncated or incomplete.
#
#  Out of Memory Error (./src/hotspot/share/memory/arena.cpp:197), pid=16836, tid=10688
#
# JRE version: OpenJDK Runtime Environment (11.0.11+9) (build 11.0.11+9-b60-7590822)
# Java VM: OpenJDK 64-Bit Server VM (11.0.11+9-b60-7590822, mixed mode, tiered, compressed oops, g1 gc, windows-amd64)
# No core dump will be written. Minidumps are not enabled by default on client versions of Windows
#

---------------  S U M M A R Y ------------

Command Line: --add-opens=java.base/java.util=ALL-UNNAMED --add-opens=java.base/java.lang=ALL-UNNAMED --add-opens=java.base/java.lang.invoke=ALL-UNNAMED --add-opens=java.prefs/java.util.prefs=ALL-UNNAMED -Xmx1536M -Dfile.encoding=windows-1252 -Duser.country=IN -Duser.language=en -Duser.variant org.gradle.launcher.daemon.bootstrap.GradleDaemon 6.7

Host: Intel(R) Core(TM) i5-6300U CPU @ 2.40GHz, 4 cores, 7G,  Windows 10 , 64 bit Build 19041 (10.0.19041.1566)
Time: Fri Apr 29 20:23:15 2022 India Standard Time elapsed time: 16.075195 seconds (0d 0h 0m 16s)

---------------  T H R E A D  ---------------

Current thread (0x000002e47f3e1000):  JavaThread "C2 CompilerThread0" daemon [_thread_in_native, id=10688, stack(0x000000ee47700000,0x000000ee47800000)]


Current CompileTask:
C2:  16075 4568       4       groovy.lang.MetaClassImpl::addMetaMethodToIndex (65 bytes)

Stack: [0x000000ee47700000,0x000000ee47800000]
Native frames: (J=compiled Java code, j=interpreted, Vv=VM code, C=native code)
V  [jvm.dll+0x5f214a]
V  [jvm.dll+0x726fb5]
V  [jvm.dll+0x7285cd]
V  [jvm.dll+0x728c83]
V  [jvm.dll+0x243278]
V  [jvm.dll+0xbc53c]
V  [jvm.dll+0xbca3c]
V  [jvm.dll+0x353e7d]
V  [jvm.dll+0x19875c]
V  [jvm.dll+0x1fc2ee]
V  [jvm.dll+0x1fb3d4]
V  [jvm.dll+0x183d6c]
V  [jvm.dll+0x209a57]
V  [jvm.dll+0x2082a1]
V  [jvm.dll+0x6ef58f]
V  [jvm.dll+0x6e80b5]
V  [jvm.dll+0x5f1036]
C  [ucrtbase.dll+0x21bb2]
C  [KERNEL32.DLL+0x17034]
C  [ntdll.dll+0x52651]


---------------  P R O C E S S  ---------------

Threads class SMR info:
_java_thread_list=0x000002e41bfe1f50, length=151, elements={
0x000002e47e4fb800, 0x000002e47f3bc000, 0x000002e47f3bd800, 0x000002e47f3d9000,
0x000002e47f3d9800, 0x000002e47f3da800, 0x000002e47f3e1000, 0x000002e47f3ee000,
0x000002e47f40d800, 0x000002e417b9b000, 0x000002e4196da000, 0x000002e419022800,
0x000002e419486800, 0x000002e417b33800, 0x000002e418941800, 0x000002e418942000,
0x000002e419729000, 0x000002e418945800, 0x000002e41987c800, 0x000002e418644000,
0x000002e418648000, 0x000002e41864a800, 0x000002e418646800, 0x000002e418647800,
0x000002e418645000, 0x000002e418645800, 0x000002e418649000, 0x000002e418649800,
0x000002e41ba2e800, 0x000002e41ba2e000, 0x000002e41ba31000, 0x000002e41ba32000,
0x000002e41ba33000, 0x000002e41ba2d000, 0x000002e41ba35000, 0x000002e41ba34800,
0x000002e41ba33800, 0x000002e41ba37800, 0x000002e41ba3b000, 0x000002e41ba36000,
0x000002e41ba37000, 0x000002e41ba38800, 0x000002e41ba39800, 0x000002e41ba3a000,
0x000002e41bae6800, 0x000002e41bae8000, 0x000002e41bae5000, 0x000002e41bae5800,
0x000002e41bae7000, 0x000002e41bae3000, 0x000002e41bae9000, 0x000002e41bae9800,
0x000002e41bae4000, 0x000002e41baef800, 0x000002e41baeb800, 0x000002e41baee800,
0x000002e41baf0000, 0x000002e41baea800, 0x000002e41baed800, 0x000002e41baf1000,
0x000002e41baf2000, 0x000002e41baec000, 0x000002e41baed000, 0x000002e41ba8f800,
0x000002e41ba90800, 0x000002e41ba8e800, 0x000002e41ba8e000, 0x000002e41ba91000,
0x000002e41ba92000, 0x000002e41ba8d000, 0x000002e41ba97000, 0x000002e41ba98800,
0x000002e41ba97800, 0x000002e41ba93800, 0x000002e41ba94800, 0x000002e41ba93000,
0x000002e41ba99800, 0x000002e41ba9a000, 0x000002e41ba9b000, 0x000002e41ba95000,
0x000002e41ba9b800, 0x000002e41ba96000, 0x000002e41bf9d000, 0x000002e41bf9e000,
0x000002e41bf9a800, 0x000002e41bf98000, 0x000002e41bf9e800, 0x000002e41bf9c000,
0x000002e41bf9b800, 0x000002e41bf99800, 0x000002e41bf99000, 0x000002e41bfa1000,
0x000002e41bfa4800, 0x000002e41bfa2800, 0x000002e41bfa3800, 0x000002e41bf9f800,
0x000002e41bfa0000, 0x000002e41bfa2000, 0x000002e41bfa5000, 0x000002e41bfa6000,
0x000002e41bfa6800, 0x000002e41bca3800, 0x000002e41bca7800, 0x000002e41bca6000,
0x000002e41bca7000, 0x000002e41bca8800, 0x000002e41bca3000, 0x000002e41bca9800,
0x000002e41bcaa000, 0x000002e41bca4800, 0x000002e41bcab000, 0x000002e41bca5800,
0x000002e41bcac000, 0x000002e41bcb1800, 0x000002e41bcb0800, 0x000002e41bcac800,
0x000002e41bcad800, 0x000002e41bcae000, 0x000002e41bcaf000, 0x000002e41bcb0000,
0x000002e41bcb8800, 0x000002e41bcb3000, 0x000002e41bcb9800, 0x000002e41bcb3800,
0x000002e41bcb7000, 0x000002e41bcb7800, 0x000002e41bcba000, 0x000002e41bcb4800,
0x000002e41bcbb000, 0x000002e41bcb5800, 0x000002e41bcbc000, 0x000002e41bcb6000,
0x000002e41bcbc800, 0x000002e41bcc0800, 0x000002e41bcbd800, 0x000002e41bcc1800,
0x000002e41bcbe000, 0x000002e41bcbf000, 0x000002e41bcc0000, 0x000002e41c6ae000,
0x000002e41c6ad000, 0x000002e41c6b3800, 0x000002e41c6b1800, 0x000002e41c6b2000,
0x000002e41c6b4800, 0x000002e41c6b0800, 0x000002e41c6b3000, 0x000002e41c6af000,
0x000002e41c6af800, 0x000002e41c6b8000, 0x000002e41c013000
}

Java Threads: ( => current thread )
  0x000002e47e4fb800 JavaThread "main" [_thread_blocked, id=17204, stack(0x000000ee46b00000,0x000000ee46c00000)]
  0x000002e47f3bc000 JavaThread "Reference Handler" daemon [_thread_blocked, id=9640, stack(0x000000ee47200000,0x000000ee47300000)]
  0x000002e47f3bd800 JavaThread "Finalizer" daemon [_thread_blocked, id=17656, stack(0x000000ee47300000,0x000000ee47400000)]
  0x000002e47f3d9000 JavaThread "Signal Dispatcher" daemon [_thread_blocked, id=13052, stack(0x000000ee47400000,0x000000ee47500000)]
  0x000002e47f3d9800 JavaThread "Attach Listener" daemon [_thread_blocked, id=17092, stack(0x000000ee47500000,0x000000ee47600000)]
  0x000002e47f3da800 JavaThread "Service Thread" daemon [_thread_blocked, id=13016, stack(0x000000ee47600000,0x000000ee47700000)]
=>0x000002e47f3e1000 JavaThread "C2 CompilerThread0" daemon [_thread_in_native, id=10688, stack(0x000000ee47700000,0x000000ee47800000)]
  0x000002e47f3ee000 JavaThread "C1 CompilerThread0" daemon [_thread_blocked, id=4404, stack(0x000000ee47800000,0x000000ee47900000)]
  0x000002e47f40d800 JavaThread "Sweeper thread" daemon [_thread_blocked, id=14508, stack(0x000000ee47900000,0x000000ee47a00000)]
  0x000002e417b9b000 JavaThread "Common-Cleaner" daemon [_thread_blocked, id=9492, stack(0x000000ee47a00000,0x000000ee47b00000)]
  0x000002e4196da000 JavaThread "Daemon health stats" [_thread_blocked, id=4952, stack(0x000000ee47e00000,0x000000ee47f00000)]
  0x000002e419022800 JavaThread "Incoming local TCP Connector on port 52876" [_thread_in_native, id=10980, stack(0x000000ee48100000,0x000000ee48200000)]
  0x000002e419486800 JavaThread "Daemon periodic checks" [_thread_blocked, id=2304, stack(0x000000ee48300000,0x000000ee48400000)]
  0x000002e417b33800 JavaThread "Daemon" [_thread_blocked, id=14976, stack(0x000000ee48400000,0x000000ee48500000)]
  0x000002e418941800 JavaThread "Handler for socket connection from /127.0.0.1:52876 to /127.0.0.1:52877" [_thread_in_native, id=18276, stack(0x000000ee48500000,0x000000ee48600000)]
  0x000002e418942000 JavaThread "Cancel handler" [_thread_blocked, id=18428, stack(0x000000ee48600000,0x000000ee48700000)]
  0x000002e419729000 JavaThread "Daemon worker" [_thread_in_native, id=5576, stack(0x000000ee48700000,0x000000ee48800000)]
  0x000002e418945800 JavaThread "Asynchronous log dispatcher for DefaultDaemonConnection: socket connection from /127.0.0.1:52876 to /127.0.0.1:52877" [_thread_blocked, id=18156, stack(0x000000ee48800000,0x000000ee48900000)]
  0x000002e41987c800 JavaThread "Stdin handler" [_thread_blocked, id=6880, stack(0x000000ee48900000,0x000000ee48a00000)]
  0x000002e418644000 JavaThread "Thread-8" [_thread_blocked, id=13976, stack(0x000000ee48a00000,0x000000ee48b00000)]
  0x000002e418648000 JavaThread "Cache worker for file hash cache (C:\Users\DELL\.gradle\caches\6.7\fileHashes)" [_thread_blocked, id=16072, stack(0x000000ee48c00000,0x000000ee48d00000)]
  0x000002e41864a800 JavaThread "File lock request listener" [_thread_in_native, id=18264, stack(0x000000ee48d00000,0x000000ee48e00000)]
  0x000002e418646800 JavaThread "Cache worker for journal cache (C:\Users\DELL\.gradle\caches\journal-1)" [_thread_blocked, id=13604, stack(0x000000ee48200000,0x000000ee48300000)]
  0x000002e418647800 JavaThread "Cache worker for file hash cache (D:\recipes-mobile-app\android\.gradle\6.7\fileHashes)" [_thread_blocked, id=8560, stack(0x000000ee48e00000,0x000000ee48f00000)]
  0x000002e418645000 JavaThread "Cache worker for checksums cache (D:\recipes-mobile-app\android\.gradle\checksums)" [_thread_blocked, id=2752, stack(0x000000ee48f00000,0x000000ee49000000)]
  0x000002e418645800 JavaThread "Cache worker for cache directory md-supplier (C:\Users\DELL\.gradle\caches\6.7\md-supplier)" [_thread_blocked, id=5976, stack(0x000000ee49000000,0x000000ee49100000)]
  0x000002e418649000 JavaThread "Cache worker for cache directory md-rule (C:\Users\DELL\.gradle\caches\6.7\md-rule)" [_thread_blocked, id=14684, stack(0x000000ee49100000,0x000000ee49200000)]
  0x000002e418649800 JavaThread "Cache worker for execution history cache (C:\Users\DELL\.gradle\caches\6.7\executionHistory)" [_thread_blocked, id=16228, stack(0x000000ee49200000,0x000000ee49300000)]
  0x000002e41ba2e800 JavaThread "jar transforms" [_thread_blocked, id=15116, stack(0x000000ee49300000,0x000000ee49400000)]
  0x000002e41ba2e000 JavaThread "Cache worker for file content cache (C:\Users\DELL\.gradle\caches\6.7\fileContent)" [_thread_blocked, id=17516, stack(0x000000ee49400000,0x000000ee49500000)]
  0x000002e41ba31000 JavaThread "Cache worker for Build Output Cleanup Cache (D:\recipes-mobile-app\android\.gradle\buildOutputCleanup)" [_thread_blocked, id=9628, stack(0x000000ee49500000,0x000000ee49600000)]
  0x000002e41ba32000 JavaThread "Build operations" [_thread_blocked, id=7612, stack(0x000000ee49600000,0x000000ee49700000)]
  0x000002e41ba33000 JavaThread "Build operations Thread 2" [_thread_blocked, id=18300, stack(0x000000ee49700000,0x000000ee49800000)]
  0x000002e41ba2d000 JavaThread "Build operations Thread 3" [_thread_blocked, id=17372, stack(0x000000ee49800000,0x000000ee49900000)]
  0x000002e41ba35000 JavaThread "Build operations Thread 4" [_thread_blocked, id=17892, stack(0x000000ee49900000,0x000000ee49a00000)]
  0x000002e41ba34800 JavaThread "jar transforms Thread 2" [_thread_blocked, id=12528, stack(0x000000ee49a00000,0x000000ee49b00000)]
  0x000002e41ba33800 JavaThread "jar transforms Thread 3" [_thread_blocked, id=12896, stack(0x000000ee49b00000,0x000000ee49c00000)]
  0x000002e41ba37800 JavaThread "jar transforms Thread 4" [_thread_blocked, id=8392, stack(0x000000ee49c00000,0x000000ee49d00000)]
  0x000002e41ba3b000 JavaThread "jar transforms Thread 5" [_thread_blocked, id=1480, stack(0x000000ee49d00000,0x000000ee49e00000)]
  0x000002e41ba36000 JavaThread "jar transforms Thread 6" [_thread_blocked, id=17840, stack(0x000000ee49e00000,0x000000ee49f00000)]
  0x000002e41ba37000 JavaThread "jar transforms Thread 7" [_thread_blocked, id=416, stack(0x000000ee49f00000,0x000000ee4a000000)]
  0x000002e41ba38800 JavaThread "jar transforms Thread 8" [_thread_blocked, id=4744, stack(0x000000ee4a000000,0x000000ee4a100000)]
  0x000002e41ba39800 JavaThread "jar transforms Thread 9" [_thread_blocked, id=1588, stack(0x000000ee4a100000,0x000000ee4a200000)]
  0x000002e41ba3a000 JavaThread "jar transforms Thread 10" [_thread_blocked, id=14532, stack(0x000000ee4a200000,0x000000ee4a300000)]
  0x000002e41bae6800 JavaThread "jar transforms Thread 11" [_thread_blocked, id=224, stack(0x000000ee4a300000,0x000000ee4a400000)]
  0x000002e41bae8000 JavaThread "jar transforms Thread 12" [_thread_blocked, id=3748, stack(0x000000ee4a400000,0x000000ee4a500000)]
  0x000002e41bae5000 JavaThread "jar transforms Thread 13" [_thread_blocked, id=12336, stack(0x000000ee4a500000,0x000000ee4a600000)]
  0x000002e41bae5800 JavaThread "jar transforms Thread 14" [_thread_blocked, id=3668, stack(0x000000ee4a600000,0x000000ee4a700000)]
  0x000002e41bae7000 JavaThread "jar transforms Thread 15" [_thread_blocked, id=17252, stack(0x000000ee4a700000,0x000000ee4a800000)]
  0x000002e41bae3000 JavaThread "jar transforms Thread 16" [_thread_blocked, id=7464, stack(0x000000ee4a800000,0x000000ee4a900000)]
  0x000002e41bae9000 JavaThread "jar transforms Thread 17" [_thread_blocked, id=16812, stack(0x000000ee4a900000,0x000000ee4aa00000)]
  0x000002e41bae9800 JavaThread "jar transforms Thread 18" [_thread_blocked, id=6444, stack(0x000000ee4aa00000,0x000000ee4ab00000)]
  0x000002e41bae4000 JavaThread "jar transforms Thread 19" [_thread_blocked, id=13456, stack(0x000000ee4ab00000,0x000000ee4ac00000)]
  0x000002e41baef800 JavaThread "jar transforms Thread 20" [_thread_blocked, id=10760, stack(0x000000ee4ac00000,0x000000ee4ad00000)]
  0x000002e41baeb800 JavaThread "jar transforms Thread 21" [_thread_blocked, id=12744, stack(0x000000ee4ad00000,0x000000ee4ae00000)]
  0x000002e41baee800 JavaThread "jar transforms Thread 22" [_thread_blocked, id=14180, stack(0x000000ee4ae00000,0x000000ee4af00000)]
  0x000002e41baf0000 JavaThread "jar transforms Thread 23" [_thread_blocked, id=4804, stack(0x000000ee4af00000,0x000000ee4b000000)]
  0x000002e41baea800 JavaThread "jar transforms Thread 24" [_thread_blocked, id=17824, stack(0x000000ee4b000000,0x000000ee4b100000)]
  0x000002e41baed800 JavaThread "jar transforms Thread 25" [_thread_blocked, id=14560, stack(0x000000ee4b100000,0x000000ee4b200000)]
  0x000002e41baf1000 JavaThread "jar transforms Thread 26" [_thread_blocked, id=16628, stack(0x000000ee4b200000,0x000000ee4b300000)]
  0x000002e41baf2000 JavaThread "jar transforms Thread 27" [_thread_blocked, id=10096, stack(0x000000ee4b300000,0x000000ee4b400000)]
  0x000002e41baec000 JavaThread "jar transforms Thread 28" [_thread_blocked, id=5888, stack(0x000000ee4b400000,0x000000ee4b500000)]
  0x000002e41baed000 JavaThread "jar transforms Thread 29" [_thread_blocked, id=16400, stack(0x000000ee4b500000,0x000000ee4b600000)]
  0x000002e41ba8f800 JavaThread "jar transforms Thread 30" [_thread_blocked, id=880, stack(0x000000ee4b600000,0x000000ee4b700000)]
  0x000002e41ba90800 JavaThread "jar transforms Thread 31" [_thread_blocked, id=16012, stack(0x000000ee4b700000,0x000000ee4b800000)]
  0x000002e41ba8e800 JavaThread "jar transforms Thread 32" [_thread_blocked, id=15184, stack(0x000000ee4b800000,0x000000ee4b900000)]
  0x000002e41ba8e000 JavaThread "jar transforms Thread 33" [_thread_blocked, id=7380, stack(0x000000ee4b900000,0x000000ee4ba00000)]
  0x000002e41ba91000 JavaThread "jar transforms Thread 34" [_thread_blocked, id=9328, stack(0x000000ee4ba00000,0x000000ee4bb00000)]
  0x000002e41ba92000 JavaThread "jar transforms Thread 35" [_thread_blocked, id=15912, stack(0x000000ee4bb00000,0x000000ee4bc00000)]
  0x000002e41ba8d000 JavaThread "jar transforms Thread 36" [_thread_blocked, id=14428, stack(0x000000ee4bc00000,0x000000ee4bd00000)]
  0x000002e41ba97000 JavaThread "jar transforms Thread 37" [_thread_blocked, id=17444, stack(0x000000ee4bd00000,0x000000ee4be00000)]
  0x000002e41ba98800 JavaThread "jar transforms Thread 38" [_thread_blocked, id=17900, stack(0x000000ee4be00000,0x000000ee4bf00000)]
  0x000002e41ba97800 JavaThread "jar transforms Thread 39" [_thread_blocked, id=15464, stack(0x000000ee4bf00000,0x000000ee4c000000)]
  0x000002e41ba93800 JavaThread "jar transforms Thread 40" [_thread_blocked, id=13468, stack(0x000000ee4c000000,0x000000ee4c100000)]
  0x000002e41ba94800 JavaThread "jar transforms Thread 41" [_thread_blocked, id=16688, stack(0x000000ee4c100000,0x000000ee4c200000)]
  0x000002e41ba93000 JavaThread "jar transforms Thread 42" [_thread_blocked, id=12716, stack(0x000000ee4c200000,0x000000ee4c300000)]
  0x000002e41ba99800 JavaThread "jar transforms Thread 43" [_thread_blocked, id=8696, stack(0x000000ee4c300000,0x000000ee4c400000)]
  0x000002e41ba9a000 JavaThread "jar transforms Thread 44" [_thread_blocked, id=10088, stack(0x000000ee4c400000,0x000000ee4c500000)]
  0x000002e41ba9b000 JavaThread "jar transforms Thread 45" [_thread_blocked, id=17816, stack(0x000000ee4c500000,0x000000ee4c600000)]
  0x000002e41ba95000 JavaThread "jar transforms Thread 46" [_thread_blocked, id=15176, stack(0x000000ee4c600000,0x000000ee4c700000)]
  0x000002e41ba9b800 JavaThread "jar transforms Thread 47" [_thread_blocked, id=1596, stack(0x000000ee4c700000,0x000000ee4c800000)]
  0x000002e41ba96000 JavaThread "jar transforms Thread 48" [_thread_blocked, id=8136, stack(0x000000ee4c800000,0x000000ee4c900000)]
  0x000002e41bf9d000 JavaThread "jar transforms Thread 49" [_thread_blocked, id=7740, stack(0x000000ee4c900000,0x000000ee4ca00000)]
  0x000002e41bf9e000 JavaThread "jar transforms Thread 50" [_thread_blocked, id=6576, stack(0x000000ee4ca00000,0x000000ee4cb00000)]
  0x000002e41bf9a800 JavaThread "jar transforms Thread 51" [_thread_blocked, id=3780, stack(0x000000ee4cb00000,0x000000ee4cc00000)]
  0x000002e41bf98000 JavaThread "jar transforms Thread 52" [_thread_blocked, id=11736, stack(0x000000ee4cc00000,0x000000ee4cd00000)]
  0x000002e41bf9e800 JavaThread "jar transforms Thread 53" [_thread_blocked, id=4140, stack(0x000000ee4cd00000,0x000000ee4ce00000)]
  0x000002e41bf9c000 JavaThread "jar transforms Thread 54" [_thread_blocked, id=5652, stack(0x000000ee4ce00000,0x000000ee4cf00000)]
  0x000002e41bf9b800 JavaThread "jar transforms Thread 55" [_thread_blocked, id=3316, stack(0x000000ee4cf00000,0x000000ee4d000000)]
  0x000002e41bf99800 JavaThread "jar transforms Thread 56" [_thread_blocked, id=1680, stack(0x000000ee4d000000,0x000000ee4d100000)]
  0x000002e41bf99000 JavaThread "jar transforms Thread 57" [_thread_blocked, id=17860, stack(0x000000ee4d100000,0x000000ee4d200000)]
  0x000002e41bfa1000 JavaThread "jar transforms Thread 58" [_thread_blocked, id=15892, stack(0x000000ee4d200000,0x000000ee4d300000)]
  0x000002e41bfa4800 JavaThread "jar transforms Thread 59" [_thread_blocked, id=1328, stack(0x000000ee4d300000,0x000000ee4d400000)]
  0x000002e41bfa2800 JavaThread "jar transforms Thread 60" [_thread_blocked, id=15208, stack(0x000000ee4d400000,0x000000ee4d500000)]
  0x000002e41bfa3800 JavaThread "jar transforms Thread 61" [_thread_blocked, id=17948, stack(0x000000ee4d500000,0x000000ee4d600000)]
  0x000002e41bf9f800 JavaThread "jar transforms Thread 62" [_thread_blocked, id=6932, stack(0x000000ee4d600000,0x000000ee4d700000)]
  0x000002e41bfa0000 JavaThread "jar transforms Thread 63" [_thread_blocked, id=7764, stack(0x000000ee4d700000,0x000000ee4d800000)]
  0x000002e41bfa2000 JavaThread "jar transforms Thread 64" [_thread_blocked, id=5864, stack(0x000000ee4d800000,0x000000ee4d900000)]
  0x000002e41bfa5000 JavaThread "jar transforms Thread 65" [_thread_blocked, id=17972, stack(0x000000ee4d900000,0x000000ee4da00000)]
  0x000002e41bfa6000 JavaThread "jar transforms Thread 66" [_thread_blocked, id=13144, stack(0x000000ee4da00000,0x000000ee4db00000)]
  0x000002e41bfa6800 JavaThread "jar transforms Thread 67" [_thread_blocked, id=3504, stack(0x000000ee4db00000,0x000000ee4dc00000)]
  0x000002e41bca3800 JavaThread "jar transforms Thread 68" [_thread_blocked, id=17012, stack(0x000000ee4dc00000,0x000000ee4dd00000)]
  0x000002e41bca7800 JavaThread "jar transforms Thread 69" [_thread_blocked, id=16924, stack(0x000000ee4dd00000,0x000000ee4de00000)]
  0x000002e41bca6000 JavaThread "jar transforms Thread 70" [_thread_blocked, id=8964, stack(0x000000ee4de00000,0x000000ee4df00000)]
  0x000002e41bca7000 JavaThread "jar transforms Thread 71" [_thread_blocked, id=8676, stack(0x000000ee4df00000,0x000000ee4e000000)]
  0x000002e41bca8800 JavaThread "jar transforms Thread 72" [_thread_blocked, id=17096, stack(0x000000ee4e000000,0x000000ee4e100000)]
  0x000002e41bca3000 JavaThread "jar transforms Thread 73" [_thread_blocked, id=14520, stack(0x000000ee4e100000,0x000000ee4e200000)]
  0x000002e41bca9800 JavaThread "jar transforms Thread 74" [_thread_blocked, id=12388, stack(0x000000ee4e200000,0x000000ee4e300000)]
  0x000002e41bcaa000 JavaThread "jar transforms Thread 75" [_thread_blocked, id=10644, stack(0x000000ee4e300000,0x000000ee4e400000)]
  0x000002e41bca4800 JavaThread "jar transforms Thread 76" [_thread_blocked, id=18032, stack(0x000000ee4e400000,0x000000ee4e500000)]
  0x000002e41bcab000 JavaThread "jar transforms Thread 77" [_thread_blocked, id=11756, stack(0x000000ee4e500000,0x000000ee4e600000)]
  0x000002e41bca5800 JavaThread "jar transforms Thread 78" [_thread_blocked, id=14928, stack(0x000000ee4e600000,0x000000ee4e700000)]
  0x000002e41bcac000 JavaThread "jar transforms Thread 79" [_thread_blocked, id=8604, stack(0x000000ee4e700000,0x000000ee4e800000)]
  0x000002e41bcb1800 JavaThread "jar transforms Thread 80" [_thread_blocked, id=17720, stack(0x000000ee4e800000,0x000000ee4e900000)]
  0x000002e41bcb0800 JavaThread "jar transforms Thread 81" [_thread_blocked, id=12592, stack(0x000000ee4e900000,0x000000ee4ea00000)]
  0x000002e41bcac800 JavaThread "jar transforms Thread 82" [_thread_blocked, id=12160, stack(0x000000ee4ea00000,0x000000ee4eb00000)]
  0x000002e41bcad800 JavaThread "jar transforms Thread 83" [_thread_blocked, id=2572, stack(0x000000ee4eb00000,0x000000ee4ec00000)]
  0x000002e41bcae000 JavaThread "jar transforms Thread 84" [_thread_blocked, id=10500, stack(0x000000ee4ec00000,0x000000ee4ed00000)]
  0x000002e41bcaf000 JavaThread "jar transforms Thread 85" [_thread_blocked, id=14876, stack(0x000000ee4ed00000,0x000000ee4ee00000)]
  0x000002e41bcb0000 JavaThread "jar transforms Thread 86" [_thread_blocked, id=5568, stack(0x000000ee4ee00000,0x000000ee4ef00000)]
  0x000002e41bcb8800 JavaThread "jar transforms Thread 87" [_thread_blocked, id=8312, stack(0x000000ee4ef00000,0x000000ee4f000000)]
  0x000002e41bcb3000 JavaThread "jar transforms Thread 88" [_thread_blocked, id=14220, stack(0x000000ee4f000000,0x000000ee4f100000)]
  0x000002e41bcb9800 JavaThread "jar transforms Thread 89" [_thread_blocked, id=4132, stack(0x000000ee4f100000,0x000000ee4f200000)]
  0x000002e41bcb3800 JavaThread "jar transforms Thread 90" [_thread_blocked, id=12544, stack(0x000000ee4f200000,0x000000ee4f300000)]
  0x000002e41bcb7000 JavaThread "jar transforms Thread 91" [_thread_blocked, id=4728, stack(0x000000ee4f300000,0x000000ee4f400000)]
  0x000002e41bcb7800 JavaThread "jar transforms Thread 92" [_thread_blocked, id=3340, stack(0x000000ee4f400000,0x000000ee4f500000)]
  0x000002e41bcba000 JavaThread "jar transforms Thread 93" [_thread_blocked, id=11160, stack(0x000000ee4f500000,0x000000ee4f600000)]
  0x000002e41bcb4800 JavaThread "jar transforms Thread 94" [_thread_blocked, id=10592, stack(0x000000ee4f600000,0x000000ee4f700000)]
  0x000002e41bcbb000 JavaThread "jar transforms Thread 95" [_thread_blocked, id=17464, stack(0x000000ee4f700000,0x000000ee4f800000)]
  0x000002e41bcb5800 JavaThread "jar transforms Thread 96" [_thread_blocked, id=16396, stack(0x000000ee4f800000,0x000000ee4f900000)]
  0x000002e41bcbc000 JavaThread "jar transforms Thread 97" [_thread_blocked, id=12712, stack(0x000000ee4f900000,0x000000ee4fa00000)]
  0x000002e41bcb6000 JavaThread "jar transforms Thread 98" [_thread_blocked, id=1212, stack(0x000000ee4fa00000,0x000000ee4fb00000)]
  0x000002e41bcbc800 JavaThread "jar transforms Thread 99" [_thread_blocked, id=8340, stack(0x000000ee4fb00000,0x000000ee4fc00000)]
  0x000002e41bcc0800 JavaThread "jar transforms Thread 100" [_thread_blocked, id=16312, stack(0x000000ee4fc00000,0x000000ee4fd00000)]
  0x000002e41bcbd800 JavaThread "jar transforms Thread 101" [_thread_blocked, id=18280, stack(0x000000ee4fd00000,0x000000ee4fe00000)]
  0x000002e41bcc1800 JavaThread "jar transforms Thread 102" [_thread_blocked, id=17888, stack(0x000000ee4fe00000,0x000000ee4ff00000)]
  0x000002e41bcbe000 JavaThread "jar transforms Thread 103" [_thread_blocked, id=648, stack(0x000000ee4ff00000,0x000000ee50000000)]
  0x000002e41bcbf000 JavaThread "jar transforms Thread 104" [_thread_blocked, id=14132, stack(0x000000ee50000000,0x000000ee50100000)]
  0x000002e41bcc0000 JavaThread "jar transforms Thread 105" [_thread_blocked, id=17872, stack(0x000000ee50100000,0x000000ee50200000)]
  0x000002e41c6ae000 JavaThread "jar transforms Thread 106" [_thread_blocked, id=18064, stack(0x000000ee50200000,0x000000ee50300000)]
  0x000002e41c6ad000 JavaThread "jar transforms Thread 107" [_thread_blocked, id=7784, stack(0x000000ee50300000,0x000000ee50400000)]
  0x000002e41c6b3800 JavaThread "jar transforms Thread 108" [_thread_blocked, id=11820, stack(0x000000ee50400000,0x000000ee50500000)]
  0x000002e41c6b1800 JavaThread "jar transforms Thread 109" [_thread_blocked, id=4740, stack(0x000000ee50500000,0x000000ee50600000)]
  0x000002e41c6b2000 JavaThread "jar transforms Thread 110" [_thread_blocked, id=15812, stack(0x000000ee50600000,0x000000ee50700000)]
  0x000002e41c6b4800 JavaThread "jar transforms Thread 111" [_thread_blocked, id=14204, stack(0x000000ee50700000,0x000000ee50800000)]
  0x000002e41c6b0800 JavaThread "jar transforms Thread 112" [_thread_blocked, id=7312, stack(0x000000ee50800000,0x000000ee50900000)]
  0x000002e41c6b3000 JavaThread "jar transforms Thread 113" [_thread_blocked, id=4808, stack(0x000000ee50900000,0x000000ee50a00000)]
  0x000002e41c6af000 JavaThread "jar transforms Thread 114" [_thread_blocked, id=16692, stack(0x000000ee50a00000,0x000000ee50b00000)]
  0x000002e41c6af800 JavaThread "jar transforms Thread 115" [_thread_blocked, id=5252, stack(0x000000ee50b00000,0x000000ee50c00000)]
  0x000002e41c6b8000 JavaThread "jar transforms Thread 116" [_thread_blocked, id=10432, stack(0x000000ee50c00000,0x000000ee50d00000)]
  0x000002e41c013000 JavaThread "C2 CompilerThread1" daemon [_thread_in_native, id=18320, stack(0x000000ee50d00000,0x000000ee50e00000)]

Other Threads:
  0x000002e47f394800 VMThread "VM Thread" [stack: 0x000000ee47100000,0x000000ee47200000] [id=17644]
  0x000002e417bf0800 WatcherThread [stack: 0x000000ee47b00000,0x000000ee47c00000] [id=15496]
  0x000002e47e513800 GCTaskThread "GC Thread#0" [stack: 0x000000ee46c00000,0x000000ee46d00000] [id=17048]
  0x000002e418422800 GCTaskThread "GC Thread#1" [stack: 0x000000ee47c00000,0x000000ee47d00000] [id=17032]
  0x000002e417ff7800 GCTaskThread "GC Thread#2" [stack: 0x000000ee47d00000,0x000000ee47e00000] [id=16264]
  0x000002e41897a000 GCTaskThread "GC Thread#3" [stack: 0x000000ee48b00000,0x000000ee48c00000] [id=12900]
  0x000002e47e53a800 ConcurrentGCThread "G1 Main Marker" [stack: 0x000000ee46d00000,0x000000ee46e00000] [id=10444]
  0x000002e47e53b800 ConcurrentGCThread "G1 Conc#0" [stack: 0x000000ee46e00000,0x000000ee46f00000] [id=16440]
  0x000002e47e5cf800 ConcurrentGCThread "G1 Refine#0" [stack: 0x000000ee46f00000,0x000000ee47000000] [id=11860]
  0x000002e47e5d0800 ConcurrentGCThread "G1 Young RemSet Sampling" [stack: 0x000000ee47000000,0x000000ee47100000] [id=17544]

Threads with active compile tasks:
C2 CompilerThread0  16134 4568       4       groovy.lang.MetaClassImpl::addMetaMethodToIndex (65 bytes)
C2 CompilerThread1  16134 4610       4       jdk.internal.reflect.ClassFileAssembler::emitConstantPoolUTF8 (50 bytes)

VM state:not at safepoint (normal execution)

VM Mutex/Monitor currently owned by a thread: None

Heap address: 0x00000000a0000000, size: 1536 MB, Compressed Oops mode: 32-bit
Narrow klass base: 0x0000000000000000, Narrow klass shift: 3
Compressed class space size: 1073741824 Address: 0x0000000100000000

Heap:
 garbage-first heap   total 131072K, used 41544K [0x00000000a0000000, 0x0000000100000000)
  region size 1024K, 20 young (20480K), 8 survivors (8192K)
 Metaspace       used 44743K, capacity 45787K, committed 45824K, reserved 1089536K
  class space    used 5710K, capacity 6120K, committed 6144K, reserved 1048576K
Heap Regions: E=young(eden), S=young(survivor), O=old, HS=humongous(starts), HC=humongous(continues), CS=collection set, F=free, A=archive, TAMS=top-at-mark-start (previous, next)
|   0|0x00000000a0000000, 0x00000000a0100000, 0x00000000a0100000|100%| O|  |TAMS 0x00000000a0100000, 0x00000000a0000000| Untracked 
|   1|0x00000000a0100000, 0x00000000a0200000, 0x00000000a0200000|100%| O|  |TAMS 0x00000000a0200000, 0x00000000a0100000| Untracked 
|   2|0x00000000a0200000, 0x00000000a0300000, 0x00000000a0300000|100%| O|  |TAMS 0x00000000a0300000, 0x00000000a0200000| Untracked 
|   3|0x00000000a0300000, 0x00000000a0400000, 0x00000000a0400000|100%|HS|  |TAMS 0x00000000a0400000, 0x00000000a0300000| Complete 
|   4|0x00000000a0400000, 0x00000000a0500000, 0x00000000a0500000|100%|HC|  |TAMS 0x00000000a0500000, 0x00000000a0400000| Complete 
|   5|0x00000000a0500000, 0x00000000a0600000, 0x00000000a0600000|100%|HC|  |TAMS 0x00000000a0600000, 0x00000000a0500000| Complete 
|   6|0x00000000a0600000, 0x00000000a0700000, 0x00000000a0700000|100%| O|  |TAMS 0x00000000a0700000, 0x00000000a0600000| Untracked 
|   7|0x00000000a0700000, 0x00000000a0800000, 0x00000000a0800000|100%| O|  |TAMS 0x00000000a0800000, 0x00000000a0700000| Untracked 
|   8|0x00000000a0800000, 0x00000000a0900000, 0x00000000a0900000|100%| O|  |TAMS 0x00000000a0900000, 0x00000000a0800000| Untracked 
|   9|0x00000000a0900000, 0x00000000a0a00000, 0x00000000a0a00000|100%| O|  |TAMS 0x00000000a0a00000, 0x00000000a0900000| Untracked 
|  10|0x00000000a0a00000, 0x00000000a0b00000, 0x00000000a0b00000|100%| O|  |TAMS 0x00000000a0b00000, 0x00000000a0a00000| Untracked 
|  11|0x00000000a0b00000, 0x00000000a0c00000, 0x00000000a0c00000|100%| O|  |TAMS 0x00000000a0c00000, 0x00000000a0b00000| Untracked 
|  12|0x00000000a0c00000, 0x00000000a0d00000, 0x00000000a0d00000|100%| O|  |TAMS 0x00000000a0d00000, 0x00000000a0c00000| Untracked 
|  13|0x00000000a0d00000, 0x00000000a0e00000, 0x00000000a0e00000|100%| O|  |TAMS 0x00000000a0e00000, 0x00000000a0d00000| Untracked 
|  14|0x00000000a0e00000, 0x00000000a0f00000, 0x00000000a0f00000|100%| O|  |TAMS 0x00000000a0f00000, 0x00000000a0e00000| Untracked 
|  15|0x00000000a0f00000, 0x00000000a1000000, 0x00000000a1000000|100%| O|  |TAMS 0x00000000a0f00000, 0x00000000a0f00000| Untracked 
|  16|0x00000000a1000000, 0x00000000a1100000, 0x00000000a1100000|100%| O|  |TAMS 0x00000000a1000000, 0x00000000a1000000| Untracked 
|  17|0x00000000a1100000, 0x00000000a11e0600, 0x00000000a1200000| 87%| O|  |TAMS 0x00000000a1100000, 0x00000000a1100000| Untracked 
|  18|0x00000000a1200000, 0x00000000a1300000, 0x00000000a1300000|100%| O|  |TAMS 0x00000000a1300000, 0x00000000a1200000| Untracked 
|  19|0x00000000a1300000, 0x00000000a1400000, 0x00000000a1400000|100%| O|  |TAMS 0x00000000a1400000, 0x00000000a1300000| Untracked 
|  20|0x00000000a1400000, 0x00000000a1500000, 0x00000000a1500000|100%| O|  |TAMS 0x00000000a1464600, 0x00000000a1400000| Untracked 
|  21|0x00000000a1500000, 0x00000000a1600000, 0x00000000a1600000|100%|HS|  |TAMS 0x00000000a1500000, 0x00000000a1500000| Complete 
|  22|0x00000000a1600000, 0x00000000a1700000, 0x00000000a1700000|100%|HS|  |TAMS 0x00000000a1600000, 0x00000000a1600000| Complete 
|  23|0x00000000a1700000, 0x00000000a1700000, 0x00000000a1800000|  0%| F|  |TAMS 0x00000000a1700000, 0x00000000a1700000| Untracked 
|  24|0x00000000a1800000, 0x00000000a1800000, 0x00000000a1900000|  0%| F|  |TAMS 0x00000000a1800000, 0x00000000a1800000| Untracked 
|  25|0x00000000a1900000, 0x00000000a1900000, 0x00000000a1a00000|  0%| F|  |TAMS 0x00000000a1900000, 0x00000000a1900000| Untracked 
|  26|0x00000000a1a00000, 0x00000000a1a00000, 0x00000000a1b00000|  0%| F|  |TAMS 0x00000000a1a00000, 0x00000000a1a00000| Untracked 
|  27|0x00000000a1b00000, 0x00000000a1b00000, 0x00000000a1c00000|  0%| F|  |TAMS 0x00000000a1b00000, 0x00000000a1b00000| Untracked 
|  28|0x00000000a1c00000, 0x00000000a1c00000, 0x00000000a1d00000|  0%| F|  |TAMS 0x00000000a1c00000, 0x00000000a1c00000| Untracked 
|  29|0x00000000a1d00000, 0x00000000a1d00000, 0x00000000a1e00000|  0%| F|  |TAMS 0x00000000a1d00000, 0x00000000a1d00000| Untracked 
|  30|0x00000000a1e00000, 0x00000000a1e00000, 0x00000000a1f00000|  0%| F|  |TAMS 0x00000000a1e00000, 0x00000000a1e00000| Untracked 
|  31|0x00000000a1f00000, 0x00000000a1f00000, 0x00000000a2000000|  0%| F|  |TAMS 0x00000000a1f00000, 0x00000000a1f00000| Untracked 
|  32|0x00000000a2000000, 0x00000000a2000000, 0x00000000a2100000|  0%| F|  |TAMS 0x00000000a2000000, 0x00000000a2000000| Untracked 
|  33|0x00000000a2100000, 0x00000000a2100000, 0x00000000a2200000|  0%| F|  |TAMS 0x00000000a2100000, 0x00000000a2100000| Untracked 
|  34|0x00000000a2200000, 0x00000000a2200000, 0x00000000a2300000|  0%| F|  |TAMS 0x00000000a2200000, 0x00000000a2200000| Untracked 
|  35|0x00000000a2300000, 0x00000000a2300000, 0x00000000a2400000|  0%| F|  |TAMS 0x00000000a2300000, 0x00000000a2300000| Untracked 
|  36|0x00000000a2400000, 0x00000000a2400000, 0x00000000a2500000|  0%| F|  |TAMS 0x00000000a2400000, 0x00000000a2400000| Untracked 
|  37|0x00000000a2500000, 0x00000000a2500000, 0x00000000a2600000|  0%| F|  |TAMS 0x00000000a2500000, 0x00000000a2500000| Untracked 
|  38|0x00000000a2600000, 0x00000000a2600000, 0x00000000a2700000|  0%| F|  |TAMS 0x00000000a2600000, 0x00000000a2600000| Untracked 
|  39|0x00000000a2700000, 0x00000000a2700000, 0x00000000a2800000|  0%| F|  |TAMS 0x00000000a2700000, 0x00000000a2700000| Untracked 
|  40|0x00000000a2800000, 0x00000000a2800000, 0x00000000a2900000|  0%| F|  |TAMS 0x00000000a2800000, 0x00000000a2800000| Untracked 
|  41|0x00000000a2900000, 0x00000000a2900000, 0x00000000a2a00000|  0%| F|  |TAMS 0x00000000a2900000, 0x00000000a2900000| Untracked 
|  42|0x00000000a2a00000, 0x00000000a2a00000, 0x00000000a2b00000|  0%| F|  |TAMS 0x00000000a2a00000, 0x00000000a2a00000| Untracked 
|  43|0x00000000a2b00000, 0x00000000a2b00000, 0x00000000a2c00000|  0%| F|  |TAMS 0x00000000a2b00000, 0x00000000a2b00000| Untracked 
|  44|0x00000000a2c00000, 0x00000000a2c00000, 0x00000000a2d00000|  0%| F|  |TAMS 0x00000000a2c00000, 0x00000000a2c00000| Untracked 
|  45|0x00000000a2d00000, 0x00000000a2d00000, 0x00000000a2e00000|  0%| F|  |TAMS 0x00000000a2d00000, 0x00000000a2d00000| Untracked 
|  46|0x00000000a2e00000, 0x00000000a2e00000, 0x00000000a2f00000|  0%| F|  |TAMS 0x00000000a2e00000, 0x00000000a2e00000| Untracked 
|  47|0x00000000a2f00000, 0x00000000a2f00000, 0x00000000a3000000|  0%| F|  |TAMS 0x00000000a2f00000, 0x00000000a2f00000| Untracked 
|  48|0x00000000a3000000, 0x00000000a30b1ab0, 0x00000000a3100000| 69%| S|CS|TAMS 0x00000000a3000000, 0x00000000a3000000| Complete 
|  49|0x00000000a3100000, 0x00000000a3200000, 0x00000000a3200000|100%| S|CS|TAMS 0x00000000a3100000, 0x00000000a3100000| Complete 
|  50|0x00000000a3200000, 0x00000000a3300000, 0x00000000a3300000|100%| S|CS|TAMS 0x00000000a3200000, 0x00000000a3200000| Complete 
|  51|0x00000000a3300000, 0x00000000a3400000, 0x00000000a3400000|100%| S|CS|TAMS 0x00000000a3300000, 0x00000000a3300000| Complete 
|  52|0x00000000a3400000, 0x00000000a3400000, 0x00000000a3500000|  0%| F|  |TAMS 0x00000000a3400000, 0x00000000a3400000| Untracked 
|  53|0x00000000a3500000, 0x00000000a3500000, 0x00000000a3600000|  0%| F|  |TAMS 0x00000000a3500000, 0x00000000a3500000| Untracked 
|  54|0x00000000a3600000, 0x00000000a3600000, 0x00000000a3700000|  0%| F|  |TAMS 0x00000000a3600000, 0x00000000a3600000| Untracked 
|  55|0x00000000a3700000, 0x00000000a3700000, 0x00000000a3800000|  0%| F|  |TAMS 0x00000000a3700000, 0x00000000a3700000| Untracked 
|  56|0x00000000a3800000, 0x00000000a3800000, 0x00000000a3900000|  0%| F|  |TAMS 0x00000000a3800000, 0x00000000a3800000| Untracked 
|  57|0x00000000a3900000, 0x00000000a3900000, 0x00000000a3a00000|  0%| F|  |TAMS 0x00000000a3900000, 0x00000000a3900000| Untracked 
|  58|0x00000000a3a00000, 0x00000000a3a00000, 0x00000000a3b00000|  0%| F|  |TAMS 0x00000000a3a00000, 0x00000000a3a00000| Untracked 
|  59|0x00000000a3b00000, 0x00000000a3b00000, 0x00000000a3c00000|  0%| F|  |TAMS 0x00000000a3b00000, 0x00000000a3b00000| Untracked 
|  60|0x00000000a3c00000, 0x00000000a3c00000, 0x00000000a3d00000|  0%| F|  |TAMS 0x00000000a3c00000, 0x00000000a3c00000| Untracked 
|  61|0x00000000a3d00000, 0x00000000a3e00000, 0x00000000a3e00000|100%| S|CS|TAMS 0x00000000a3d00000, 0x00000000a3d00000| Complete 
|  62|0x00000000a3e00000, 0x00000000a3f00000, 0x00000000a3f00000|100%| S|CS|TAMS 0x00000000a3e00000, 0x00000000a3e00000| Complete 
|  63|0x00000000a3f00000, 0x00000000a4000000, 0x00000000a4000000|100%| S|CS|TAMS 0x00000000a3f00000, 0x00000000a3f00000| Complete 
|  64|0x00000000a4000000, 0x00000000a4100000, 0x00000000a4100000|100%| S|CS|TAMS 0x00000000a4000000, 0x00000000a4000000| Complete 
|  65|0x00000000a4100000, 0x00000000a4100000, 0x00000000a4200000|  0%| F|  |TAMS 0x00000000a4100000, 0x00000000a4100000| Untracked 
|  66|0x00000000a4200000, 0x00000000a4200000, 0x00000000a4300000|  0%| F|  |TAMS 0x00000000a4200000, 0x00000000a4200000| Untracked 
|  67|0x00000000a4300000, 0x00000000a4300000, 0x00000000a4400000|  0%| F|  |TAMS 0x00000000a4300000, 0x00000000a4300000| Untracked 
|  68|0x00000000a4400000, 0x00000000a4400000, 0x00000000a4500000|  0%| F|  |TAMS 0x00000000a4400000, 0x00000000a4400000| Untracked 
|  69|0x00000000a4500000, 0x00000000a4500000, 0x00000000a4600000|  0%| F|  |TAMS 0x00000000a4500000, 0x00000000a4500000| Untracked 
|  70|0x00000000a4600000, 0x00000000a4600000, 0x00000000a4700000|  0%| F|  |TAMS 0x00000000a4600000, 0x00000000a4600000| Untracked 
|  71|0x00000000a4700000, 0x00000000a4700000, 0x00000000a4800000|  0%| F|  |TAMS 0x00000000a4700000, 0x00000000a4700000| Untracked 
|  72|0x00000000a4800000, 0x00000000a4800000, 0x00000000a4900000|  0%| F|  |TAMS 0x00000000a4800000, 0x00000000a4800000| Untracked 
|  73|0x00000000a4900000, 0x00000000a4900000, 0x00000000a4a00000|  0%| F|  |TAMS 0x00000000a4900000, 0x00000000a4900000| Untracked 
|  74|0x00000000a4a00000, 0x00000000a4a00000, 0x00000000a4b00000|  0%| F|  |TAMS 0x00000000a4a00000, 0x00000000a4a00000| Untracked 
|  75|0x00000000a4b00000, 0x00000000a4b00000, 0x00000000a4c00000|  0%| F|  |TAMS 0x00000000a4b00000, 0x00000000a4b00000| Untracked 
|  76|0x00000000a4c00000, 0x00000000a4c00000, 0x00000000a4d00000|  0%| F|  |TAMS 0x00000000a4c00000, 0x00000000a4c00000| Untracked 
|  77|0x00000000a4d00000, 0x00000000a4d00000, 0x00000000a4e00000|  0%| F|  |TAMS 0x00000000a4d00000, 0x00000000a4d00000| Untracked 
|  78|0x00000000a4e00000, 0x00000000a4e00000, 0x00000000a4f00000|  0%| F|  |TAMS 0x00000000a4e00000, 0x00000000a4e00000| Untracked 
|  79|0x00000000a4f00000, 0x00000000a4f00000, 0x00000000a5000000|  0%| F|  |TAMS 0x00000000a4f00000, 0x00000000a4f00000| Untracked 
|  80|0x00000000a5000000, 0x00000000a5000000, 0x00000000a5100000|  0%| F|  |TAMS 0x00000000a5000000, 0x00000000a5000000| Untracked 
|  81|0x00000000a5100000, 0x00000000a5100000, 0x00000000a5200000|  0%| F|  |TAMS 0x00000000a5100000, 0x00000000a5100000| Untracked 
|  82|0x00000000a5200000, 0x00000000a5200000, 0x00000000a5300000|  0%| F|  |TAMS 0x00000000a5200000, 0x00000000a5200000| Untracked 
|  83|0x00000000a5300000, 0x00000000a5300000, 0x00000000a5400000|  0%| F|  |TAMS 0x00000000a5300000, 0x00000000a5300000| Untracked 
|  84|0x00000000a5400000, 0x00000000a5400000, 0x00000000a5500000|  0%| F|  |TAMS 0x00000000a5400000, 0x00000000a5400000| Untracked 
|  85|0x00000000a5500000, 0x00000000a5500000, 0x00000000a5600000|  0%| F|  |TAMS 0x00000000a5500000, 0x00000000a5500000| Untracked 
|  86|0x00000000a5600000, 0x00000000a5600000, 0x00000000a5700000|  0%| F|  |TAMS 0x00000000a5600000, 0x00000000a5600000| Untracked 
|  87|0x00000000a5700000, 0x00000000a5700000, 0x00000000a5800000|  0%| F|  |TAMS 0x00000000a5700000, 0x00000000a5700000| Untracked 
|  88|0x00000000a5800000, 0x00000000a5800000, 0x00000000a5900000|  0%| F|  |TAMS 0x00000000a5800000, 0x00000000a5800000| Untracked 
|  89|0x00000000a5900000, 0x00000000a5900000, 0x00000000a5a00000|  0%| F|  |TAMS 0x00000000a5900000, 0x00000000a5900000| Untracked 
|  90|0x00000000a5a00000, 0x00000000a5a00000, 0x00000000a5b00000|  0%| F|  |TAMS 0x00000000a5a00000, 0x00000000a5a00000| Untracked 
|  91|0x00000000a5b00000, 0x00000000a5b00000, 0x00000000a5c00000|  0%| F|  |TAMS 0x00000000a5b00000, 0x00000000a5b00000| Untracked 
|  92|0x00000000a5c00000, 0x00000000a5c00000, 0x00000000a5d00000|  0%| F|  |TAMS 0x00000000a5c00000, 0x00000000a5c00000| Untracked 
|  93|0x00000000a5d00000, 0x00000000a5d00000, 0x00000000a5e00000|  0%| F|  |TAMS 0x00000000a5d00000, 0x00000000a5d00000| Untracked 
|  94|0x00000000a5e00000, 0x00000000a5e00000, 0x00000000a5f00000|  0%| F|  |TAMS 0x00000000a5e00000, 0x00000000a5e00000| Untracked 
|  95|0x00000000a5f00000, 0x00000000a5f00000, 0x00000000a6000000|  0%| F|  |TAMS 0x00000000a5f00000, 0x00000000a5f00000| Untracked 
|  96|0x00000000a6000000, 0x00000000a6000000, 0x00000000a6100000|  0%| F|  |TAMS 0x00000000a6000000, 0x00000000a6000000| Untracked 
|  97|0x00000000a6100000, 0x00000000a6100000, 0x00000000a6200000|  0%| F|  |TAMS 0x00000000a6100000, 0x00000000a6100000| Untracked 
|  98|0x00000000a6200000, 0x00000000a6200000, 0x00000000a6300000|  0%| F|  |TAMS 0x00000000a6200000, 0x00000000a6200000| Untracked 
|  99|0x00000000a6300000, 0x00000000a6300000, 0x00000000a6400000|  0%| F|  |TAMS 0x00000000a6300000, 0x00000000a6300000| Untracked 
| 100|0x00000000a6400000, 0x00000000a6400000, 0x00000000a6500000|  0%| F|  |TAMS 0x00000000a6400000, 0x00000000a6400000| Untracked 
| 101|0x00000000a6500000, 0x00000000a6500000, 0x00000000a6600000|  0%| F|  |TAMS 0x00000000a6500000, 0x00000000a6500000| Untracked 
| 102|0x00000000a6600000, 0x00000000a6600000, 0x00000000a6700000|  0%| F|  |TAMS 0x00000000a6600000, 0x00000000a6600000| Untracked 
| 103|0x00000000a6700000, 0x00000000a6700000, 0x00000000a6800000|  0%| F|  |TAMS 0x00000000a6700000, 0x00000000a6700000| Untracked 
| 104|0x00000000a6800000, 0x00000000a6800000, 0x00000000a6900000|  0%| F|  |TAMS 0x00000000a6800000, 0x00000000a6800000| Untracked 
| 105|0x00000000a6900000, 0x00000000a6900000, 0x00000000a6a00000|  0%| F|  |TAMS 0x00000000a6900000, 0x00000000a6900000| Untracked 
| 106|0x00000000a6a00000, 0x00000000a6a00000, 0x00000000a6b00000|  0%| F|  |TAMS 0x00000000a6a00000, 0x00000000a6a00000| Untracked 
| 107|0x00000000a6b00000, 0x00000000a6b00000, 0x00000000a6c00000|  0%| F|  |TAMS 0x00000000a6b00000, 0x00000000a6b00000| Untracked 
| 108|0x00000000a6c00000, 0x00000000a6c00000, 0x00000000a6d00000|  0%| F|  |TAMS 0x00000000a6c00000, 0x00000000a6c00000| Untracked 
| 109|0x00000000a6d00000, 0x00000000a6d00000, 0x00000000a6e00000|  0%| F|  |TAMS 0x00000000a6d00000, 0x00000000a6d00000| Untracked 
| 110|0x00000000a6e00000, 0x00000000a6e00000, 0x00000000a6f00000|  0%| F|  |TAMS 0x00000000a6e00000, 0x00000000a6e00000| Untracked 
| 111|0x00000000a6f00000, 0x00000000a6f00000, 0x00000000a7000000|  0%| F|  |TAMS 0x00000000a6f00000, 0x00000000a6f00000| Untracked 
| 112|0x00000000a7000000, 0x00000000a7000000, 0x00000000a7100000|  0%| F|  |TAMS 0x00000000a7000000, 0x00000000a7000000| Untracked 
| 113|0x00000000a7100000, 0x00000000a7100000, 0x00000000a7200000|  0%| F|  |TAMS 0x00000000a7100000, 0x00000000a7100000| Untracked 
| 114|0x00000000a7200000, 0x00000000a7200000, 0x00000000a7300000|  0%| F|  |TAMS 0x00000000a7200000, 0x00000000a7200000| Untracked 
| 115|0x00000000a7300000, 0x00000000a7300000, 0x00000000a7400000|  0%| F|  |TAMS 0x00000000a7300000, 0x00000000a7300000| Untracked 
| 116|0x00000000a7400000, 0x00000000a7500000, 0x00000000a7500000|100%| E|  |TAMS 0x00000000a7400000, 0x00000000a7400000| Complete 
| 117|0x00000000a7500000, 0x00000000a75ff530, 0x00000000a7600000| 99%| E|  |TAMS 0x00000000a7500000, 0x00000000a7500000| Complete 
| 118|0x00000000a7600000, 0x00000000a7700000, 0x00000000a7700000|100%| E|CS|TAMS 0x00000000a7600000, 0x00000000a7600000| Complete 
| 119|0x00000000a7700000, 0x00000000a7800000, 0x00000000a7800000|100%| E|CS|TAMS 0x00000000a7700000, 0x00000000a7700000| Complete 
| 120|0x00000000a7800000, 0x00000000a7900000, 0x00000000a7900000|100%| E|CS|TAMS 0x00000000a7800000, 0x00000000a7800000| Complete 
| 121|0x00000000a7900000, 0x00000000a7a00000, 0x00000000a7a00000|100%| E|CS|TAMS 0x00000000a7900000, 0x00000000a7900000| Complete 
| 122|0x00000000a7a00000, 0x00000000a7b00000, 0x00000000a7b00000|100%| E|CS|TAMS 0x00000000a7a00000, 0x00000000a7a00000| Complete 
| 123|0x00000000a7b00000, 0x00000000a7c00000, 0x00000000a7c00000|100%| E|CS|TAMS 0x00000000a7b00000, 0x00000000a7b00000| Complete 
| 124|0x00000000a7c00000, 0x00000000a7d00000, 0x00000000a7d00000|100%| E|CS|TAMS 0x00000000a7c00000, 0x00000000a7c00000| Complete 
| 125|0x00000000a7d00000, 0x00000000a7e00000, 0x00000000a7e00000|100%| E|CS|TAMS 0x00000000a7d00000, 0x00000000a7d00000| Complete 
| 126|0x00000000a7e00000, 0x00000000a7f00000, 0x00000000a7f00000|100%| E|CS|TAMS 0x00000000a7e00000, 0x00000000a7e00000| Complete 
| 127|0x00000000a7f00000, 0x00000000a8000000, 0x00000000a8000000|100%| E|CS|TAMS 0x00000000a7f00000, 0x00000000a7f00000| Complete 

Card table byte_map: [0x000002e47e8e0000,0x000002e47ebe0000] _byte_map_base: 0x000002e47e3e0000

Marking Bits (Prev, Next): (CMBitMap*) 0x000002e47e533790, (CMBitMap*) 0x000002e47e533758
 Prev Bits: [0x000002e414220000, 0x000002e415a20000)
 Next Bits: [0x000002e412a20000, 0x000002e414220000)

Polling page: 0x000002e47c4e0000

Metaspace:

Usage:
  Non-class:     38.74 MB capacity,    38.12 MB ( 98%) used,   533.75 KB (  1%) free+waste,    99.63 KB ( <1%) overhead. 
      Class:      5.98 MB capacity,     5.58 MB ( 93%) used,   362.13 KB (  6%) free+waste,    47.75 KB ( <1%) overhead. 
       Both:     44.71 MB capacity,    43.70 MB ( 98%) used,   895.88 KB (  2%) free+waste,   147.38 KB ( <1%) overhead. 

Virtual space:
  Non-class space:       40.00 MB reserved,      38.75 MB ( 97%) committed 
      Class space:        1.00 GB reserved,       6.00 MB ( <1%) committed 
             Both:        1.04 GB reserved,      44.75 MB (  4%) committed 

Chunk freelists:
   Non-Class:  13.00 KB
       Class:  24.00 KB
        Both:  37.00 KB

MaxMetaspaceSize: 17179869184.00 GB
CompressedClassSpaceSize: 1.00 GB

CodeHeap 'non-profiled nmethods': size=120064Kb used=2280Kb max_used=2280Kb free=117783Kb
 bounds [0x000002e40b4e0000, 0x000002e40b750000, 0x000002e412a20000]
CodeHeap 'profiled nmethods': size=120000Kb used=9611Kb max_used=9611Kb free=110388Kb
 bounds [0x000002e403fb0000, 0x000002e404920000, 0x000002e40b4e0000]
CodeHeap 'non-nmethods': size=5696Kb used=2208Kb max_used=2240Kb free=3487Kb
 bounds [0x000002e403a20000, 0x000002e403c90000, 0x000002e403fb0000]
 total_blobs=5401 nmethods=4625 adapters=687
 compilation: enabled
              stopped_count=0, restarted_count=0
 full_count=0

Compilation events (20 events):
Event: 16.050 Thread 0x000002e47f3ee000 nmethod 4654 0x000002e404903910 code [0x000002e404903ae0, 0x000002e404903db8]
Event: 16.050 Thread 0x000002e47f3ee000 4655       3       org.gradle.api.internal.changedetection.state.CachingFileHasher::hash (12 bytes)
Event: 16.050 Thread 0x000002e47f3ee000 nmethod 4655 0x000002e404903f10 code [0x000002e4049040c0, 0x000002e404904228]
Event: 16.050 Thread 0x000002e47f3ee000 4656       3       org.gradle.internal.concurrent.ManagedExecutorImpl::execute (15 bytes)
Event: 16.050 Thread 0x000002e47f3ee000 nmethod 4656 0x000002e404904310 code [0x000002e404904500, 0x000002e404904968]
Event: 16.050 Thread 0x000002e47f3ee000 4657       3       java.util.concurrent.ThreadPoolExecutor::execute (132 bytes)
Event: 16.051 Thread 0x000002e47f3ee000 nmethod 4657 0x000002e404904b10 code [0x000002e404904dc0, 0x000002e4049059e8]
Event: 16.052 Thread 0x000002e47f3ee000 4658  s!   3       java.io.FileDescriptor::closeAll (163 bytes)
Event: 16.053 Thread 0x000002e47f3ee000 nmethod 4658 0x000002e404905e10 code [0x000002e4049060a0, 0x000002e404906fa8]
Event: 16.053 Thread 0x000002e47f3ee000 4659  s    3       java.io.FileDescriptor::close (9 bytes)
Event: 16.053 Thread 0x000002e47f3ee000 nmethod 4659 0x000002e404907610 code [0x000002e404907800, 0x000002e404907db8]
Event: 16.054 Thread 0x000002e47f3ee000 4660       3       com.google.common.collect.MapMakerInternalMap::rehash (49 bytes)
Event: 16.054 Thread 0x000002e47f3ee000 nmethod 4660 0x000002e404907f10 code [0x000002e4049080c0, 0x000002e4049081d8]
Event: 16.055 Thread 0x000002e47f3ee000 4661       3       java.util.TreeMap::rotateRight (96 bytes)
Event: 16.055 Thread 0x000002e47f3ee000 nmethod 4661 0x000002e404908290 code [0x000002e404908480, 0x000002e404908998]
Event: 16.056 Thread 0x000002e47f3ee000 4662   !   3       org.codehaus.groovy.reflection.stdclasses.CachedSAMClass::getSAMMethodImpl (181 bytes)
Event: 16.059 Thread 0x000002e47f3ee000 nmethod 4662 0x000002e404908b10 code [0x000002e404908f40, 0x000002e40490ac48]
Event: 16.059 Thread 0x000002e47f3ee000 4663       3       org.codehaus.groovy.reflection.CachedClass::getNewMetaMethods (166 bytes)
Event: 16.060 Thread 0x000002e47f3ee000 nmethod 4663 0x000002e40490b590 code [0x000002e40490b8c0, 0x000002e40490cc28]
Event: 16.064 Thread 0x000002e47f3ee000 4664       3       java.util.zip.ZipFile$Source::initCEN (658 bytes)

GC Heap History (20 events):
Event: 1.266 GC heap before
{Heap before GC invocations=0 (full 0):
 garbage-first heap   total 131072K, used 19456K [0x00000000a0000000, 0x0000000100000000)
  region size 1024K, 14 young (14336K), 0 survivors (0K)
 Metaspace       used 7500K, capacity 7743K, committed 7936K, reserved 1056768K
  class space    used 689K, capacity 748K, committed 768K, reserved 1048576K
}
Event: 1.274 GC heap after
{Heap after GC invocations=1 (full 0):
 garbage-first heap   total 131072K, used 7666K [0x00000000a0000000, 0x0000000100000000)
  region size 1024K, 2 young (2048K), 2 survivors (2048K)
 Metaspace       used 7500K, capacity 7743K, committed 7936K, reserved 1056768K
  class space    used 689K, capacity 748K, committed 768K, reserved 1048576K
}
Event: 1.811 GC heap before
{Heap before GC invocations=1 (full 0):
 garbage-first heap   total 131072K, used 18930K [0x00000000a0000000, 0x0000000100000000)
  region size 1024K, 13 young (13312K), 2 survivors (2048K)
 Metaspace       used 10836K, capacity 11021K, committed 11264K, reserved 1058816K
  class space    used 1145K, capacity 1203K, committed 1280K, reserved 1048576K
}
Event: 1.815 GC heap after
{Heap after GC invocations=2 (full 0):
 garbage-first heap   total 131072K, used 8867K [0x00000000a0000000, 0x0000000100000000)
  region size 1024K, 1 young (1024K), 1 survivors (1024K)
 Metaspace       used 10836K, capacity 11021K, committed 11264K, reserved 1058816K
  class space    used 1145K, capacity 1203K, committed 1280K, reserved 1048576K
}
Event: 2.863 GC heap before
{Heap before GC invocations=2 (full 0):
 garbage-first heap   total 131072K, used 33443K [0x00000000a0000000, 0x0000000100000000)
  region size 1024K, 26 young (26624K), 1 survivors (1024K)
 Metaspace       used 10992K, capacity 11150K, committed 11264K, reserved 1058816K
  class space    used 1145K, capacity 1203K, committed 1280K, reserved 1048576K
}
Event: 2.868 GC heap after
{Heap after GC invocations=3 (full 0):
 garbage-first heap   total 131072K, used 12009K [0x00000000a0000000, 0x0000000100000000)
  region size 1024K, 4 young (4096K), 4 survivors (4096K)
 Metaspace       used 10992K, capacity 11150K, committed 11264K, reserved 1058816K
  class space    used 1145K, capacity 1203K, committed 1280K, reserved 1048576K
}
Event: 5.909 GC heap before
{Heap before GC invocations=3 (full 0):
 garbage-first heap   total 131072K, used 49897K [0x00000000a0000000, 0x0000000100000000)
  region size 1024K, 41 young (41984K), 4 survivors (4096K)
 Metaspace       used 17385K, capacity 17690K, committed 17920K, reserved 1064960K
  class space    used 2064K, capacity 2177K, committed 2304K, reserved 1048576K
}
Event: 5.920 GC heap after
{Heap after GC invocations=4 (full 0):
 garbage-first heap   total 131072K, used 15527K [0x00000000a0000000, 0x0000000100000000)
  region size 1024K, 6 young (6144K), 6 survivors (6144K)
 Metaspace       used 17385K, capacity 17690K, committed 17920K, reserved 1064960K
  class space    used 2064K, capacity 2177K, committed 2304K, reserved 1048576K
}
Event: 6.439 GC heap before
{Heap before GC invocations=4 (full 0):
 garbage-first heap   total 131072K, used 34983K [0x00000000a0000000, 0x0000000100000000)
  region size 1024K, 26 young (26624K), 6 survivors (6144K)
 Metaspace       used 20578K, capacity 21075K, committed 21248K, reserved 1067008K
  class space    used 2521K, capacity 2693K, committed 2816K, reserved 1048576K
}
Event: 6.447 GC heap after
{Heap after GC invocations=5 (full 0):
 garbage-first heap   total 131072K, used 16200K [0x00000000a0000000, 0x0000000100000000)
  region size 1024K, 4 young (4096K), 4 survivors (4096K)
 Metaspace       used 20578K, capacity 21075K, committed 21248K, reserved 1067008K
  class space    used 2521K, capacity 2693K, committed 2816K, reserved 1048576K
}
Event: 7.541 GC heap before
{Heap before GC invocations=6 (full 0):
 garbage-first heap   total 131072K, used 61256K [0x00000000a0000000, 0x0000000100000000)
  region size 1024K, 49 young (50176K), 4 survivors (4096K)
 Metaspace       used 25753K, capacity 26252K, committed 26368K, reserved 1073152K
  class space    used 3349K, capacity 3549K, committed 3584K, reserved 1048576K
}
Event: 7.550 GC heap after
{Heap after GC invocations=7 (full 0):
 garbage-first heap   total 131072K, used 17907K [0x00000000a0000000, 0x0000000100000000)
  region size 1024K, 6 young (6144K), 6 survivors (6144K)
 Metaspace       used 25753K, capacity 26252K, committed 26368K, reserved 1073152K
  class space    used 3349K, capacity 3549K, committed 3584K, reserved 1048576K
}
Event: 9.962 GC heap before
{Heap before GC invocations=7 (full 0):
 garbage-first heap   total 131072K, used 71155K [0x00000000a0000000, 0x0000000100000000)
  region size 1024K, 58 young (59392K), 6 survivors (6144K)
 Metaspace       used 34871K, capacity 35477K, committed 35584K, reserved 1079296K
  class space    used 4516K, capacity 4773K, committed 4864K, reserved 1048576K
}
Event: 9.975 GC heap after
{Heap after GC invocations=8 (full 0):
 garbage-first heap   total 131072K, used 21633K [0x00000000a0000000, 0x0000000100000000)
  region size 1024K, 7 young (7168K), 7 survivors (7168K)
 Metaspace       used 34871K, capacity 35477K, committed 35584K, reserved 1079296K
  class space    used 4516K, capacity 4773K, committed 4864K, reserved 1048576K
}
Event: 10.005 GC heap before
{Heap before GC invocations=8 (full 0):
 garbage-first heap   total 131072K, used 24705K [0x00000000a0000000, 0x0000000100000000)
  region size 1024K, 9 young (9216K), 7 survivors (7168K)
 Metaspace       used 35137K, capacity 35739K, committed 35840K, reserved 1081344K
  class space    used 4519K, capacity 4775K, committed 4864K, reserved 1048576K
}
Event: 10.018 GC heap after
{Heap after GC invocations=9 (full 0):
 garbage-first heap   total 131072K, used 23953K [0x00000000a0000000, 0x0000000100000000)
  region size 1024K, 4 young (4096K), 4 survivors (4096K)
 Metaspace       used 35137K, capacity 35739K, committed 35840K, reserved 1081344K
  class space    used 4519K, capacity 4775K, committed 4864K, reserved 1048576K
}
Event: 12.707 GC heap before
{Heap before GC invocations=10 (full 0):
 garbage-first heap   total 131072K, used 88465K [0x00000000a0000000, 0x0000000100000000)
  region size 1024K, 67 young (68608K), 4 survivors (4096K)
 Metaspace       used 40879K, capacity 41747K, committed 41984K, reserved 1085440K
  class space    used 5215K, capacity 5528K, committed 5632K, reserved 1048576K
}
Event: 12.733 GC heap after
{Heap after GC invocations=11 (full 0):
 garbage-first heap   total 131072K, used 26203K [0x00000000a0000000, 0x0000000100000000)
  region size 1024K, 9 young (9216K), 9 survivors (9216K)
 Metaspace       used 40879K, capacity 41747K, committed 41984K, reserved 1085440K
  class space    used 5215K, capacity 5528K, committed 5632K, reserved 1048576K
}
Event: 15.227 GC heap before
{Heap before GC invocations=12 (full 0):
 garbage-first heap   total 131072K, used 90715K [0x00000000a0000000, 0x0000000100000000)
  region size 1024K, 72 young (73728K), 9 survivors (9216K)
 Metaspace       used 44319K, capacity 45242K, committed 45440K, reserved 1089536K
  class space    used 5660K, capacity 6015K, committed 6016K, reserved 1048576K
}
Event: 15.246 GC heap after
{Heap after GC invocations=13 (full 0):
 garbage-first heap   total 131072K, used 29256K [0x00000000a0000000, 0x0000000100000000)
  region size 1024K, 8 young (8192K), 8 survivors (8192K)
 Metaspace       used 44319K, capacity 45242K, committed 45440K, reserved 1089536K
  class space    used 5660K, capacity 6015K, committed 6016K, reserved 1048576K
}

Deoptimization events (20 events):
Event: 14.581 Thread 0x000002e41ba35000 Uncommon trap: trap_request=0xffffffde fr.pc=0x000002e40b699344 relative=0x0000000000001184
Event: 14.581 Thread 0x000002e41ba35000 Uncommon trap: reason=class_check action=maybe_recompile pc=0x000002e40b699344 method=java.util.concurrent.ConcurrentHashMap.putVal(Ljava/lang/Object;Ljava/lang/Object;Z)Ljava/lang/Object; @ 159 c2
Event: 14.581 Thread 0x000002e41ba35000 DEOPT PACKING pc=0x000002e40b699344 sp=0x000000ee499fd3e0
Event: 14.581 Thread 0x000002e41ba35000 DEOPT UNPACKING pc=0x000002e403a4662f sp=0x000000ee499fd370 mode 2
Event: 14.789 Thread 0x000002e41ba32000 Uncommon trap: trap_request=0xffffffcc fr.pc=0x000002e40b6e7c10 relative=0x00000000000010f0
Event: 14.790 Thread 0x000002e41ba35000 Uncommon trap: trap_request=0xffffffcc fr.pc=0x000002e40b6e7c10 relative=0x00000000000010f0
Event: 14.790 Thread 0x000002e41ba32000 Uncommon trap: reason=intrinsic_or_type_checked_inlining action=make_not_entrant pc=0x000002e40b6e7c10 method=java.util.ArrayList.toArray([Ljava/lang/Object;)[Ljava/lang/Object; @ 36 c2
Event: 14.790 Thread 0x000002e41ba32000 DEOPT PACKING pc=0x000002e40b6e7c10 sp=0x000000ee496fdf20
Event: 14.790 Thread 0x000002e41ba32000 DEOPT UNPACKING pc=0x000002e403a4662f sp=0x000000ee496fde78 mode 2
Event: 14.790 Thread 0x000002e41ba35000 Uncommon trap: reason=intrinsic_or_type_checked_inlining action=make_not_entrant pc=0x000002e40b6e7c10 method=java.util.ArrayList.toArray([Ljava/lang/Object;)[Ljava/lang/Object; @ 36 c2
Event: 14.790 Thread 0x000002e41ba35000 DEOPT PACKING pc=0x000002e40b6e7c10 sp=0x000000ee499fe3d0
Event: 14.790 Thread 0x000002e41ba35000 DEOPT UNPACKING pc=0x000002e403a4662f sp=0x000000ee499fe328 mode 2
Event: 15.187 Thread 0x000002e41bfa4800 Uncommon trap: trap_request=0xffffff4d fr.pc=0x000002e40b6f7100 relative=0x0000000000000060
Event: 15.188 Thread 0x000002e41bfa4800 Uncommon trap: reason=unstable_if action=reinterpret pc=0x000002e40b6f7100 method=java.util.concurrent.SynchronousQueue$TransferStack.shouldSpin(Ljava/util/concurrent/SynchronousQueue$TransferStack$SNode;)Z @ 7 c2
Event: 15.188 Thread 0x000002e41bfa4800 DEOPT PACKING pc=0x000002e40b6f7100 sp=0x000000ee4d3ff130
Event: 15.188 Thread 0x000002e41bfa4800 DEOPT UNPACKING pc=0x000002e403a4662f sp=0x000000ee4d3ff0c0 mode 2
Event: 15.319 Thread 0x000002e418648000 DEOPT PACKING pc=0x000002e40430c3fa sp=0x000000ee48cfe6e0
Event: 15.319 Thread 0x000002e418648000 DEOPT UNPACKING pc=0x000002e403a46dde sp=0x000000ee48cfdb18 mode 0
Event: 15.596 Thread 0x000002e419729000 DEOPT PACKING pc=0x000002e4048bd371 sp=0x000000ee487f9860
Event: 15.596 Thread 0x000002e419729000 DEOPT UNPACKING pc=0x000002e403a46dde sp=0x000000ee487f8d58 mode 0

Classes redefined (0 events):
No events

Internal exceptions (20 events):
Event: 11.974 Thread 0x000002e419729000 Exception <a 'java/lang/NoSuchMethodError'{0x00000000a44f3580}: 'int java.lang.invoke.DirectMethodHandle$Holder.invokeStaticInit(java.lang.Object, java.lang.Object, java.lang.Object, java.lang.Object)'> (0x00000000a44f3580) thrown at [./src/hotspot/share/interpreter/linkResolver.cpp, line 773]
Event: 12.591 Thread 0x000002e419729000 Exception <a 'java/lang/ClassNotFoundException'{0x00000000a3d84e60}: org/gradle/api/internal/artifacts/dsl/dependencies/DefaultDependencyHandler_DecoratedBeanInfo> (0x00000000a3d84e60) thrown at [./src/hotspot/share/classfile/systemDictionary.cpp, line 231]
Event: 12.705 Thread 0x000002e419729000 Exception <a 'java/lang/ClassNotFoundException'{0x00000000a3db9c50}: org/gradle/api/internal/artifacts/dsl/dependencies/DefaultDependencyHandlerBeanInfo> (0x00000000a3db9c50) thrown at [./src/hotspot/share/classfile/systemDictionary.cpp, line 231]
Event: 12.706 Thread 0x000002e419729000 Exception <a 'java/lang/ClassNotFoundException'{0x00000000a3deed28}: org/gradle/api/internal/artifacts/dsl/dependencies/DefaultDependencyHandlerCustomizer> (0x00000000a3deed28) thrown at [./src/hotspot/share/classfile/systemDictionary.cpp, line 231]
Event: 12.801 Thread 0x000002e419729000 Exception <a 'java/lang/ClassNotFoundException'{0x00000000a7f42c50}: org/gradle/api/internal/artifacts/dsl/dependencies/DefaultDependencyHandler_DecoratedCustomizer> (0x00000000a7f42c50) thrown at [./src/hotspot/share/classfile/systemDictionary.cpp, line 231]
Event: 13.567 Thread 0x000002e419729000 Exception <a 'java/lang/NoSuchMethodError'{0x00000000a727e758}: 'java.lang.Object java.lang.invoke.DelegatingMethodHandle$Holder.reinvoke_L(java.lang.Object, java.lang.Object, java.lang.Object, java.lang.Object, java.lang.Object, java.lang.Object, java.lang.Object, java.lang.Object, java.lang.Object, java.lang.Object, java.lang.Object, java.lang.Object, java.lang.Object, java.lang.Object, java.lang.Object, java.lang.Object, java.lang.Object)'> (0x00000000a727e758) thrown at [./src/hotspot/share/interpreter
Event: 13.569 Thread 0x000002e419729000 Exception <a 'java/lang/NoSuchMethodError'{0x00000000a72b7460}: 'java.lang.Object java.lang.invoke.Invokers$Holder.invoker(java.lang.Object, java.lang.Object, java.lang.Object, java.lang.Object, java.lang.Object, java.lang.Object, java.lang.Object, java.lang.Object, java.lang.Object, java.lang.Object, java.lang.Object, java.lang.Object, java.lang.Object, java.lang.Object, java.lang.Object, java.lang.Object, java.lang.Object)'> (0x00000000a72b7460) thrown at [./src/hotspot/share/interpreter/linkResolver.cpp
Event: 13.569 Thread 0x000002e419729000 Exception <a 'java/lang/NoSuchMethodError'{0x00000000a72bdd68}: 'java.lang.Object java.lang.invoke.DelegatingMethodHandle$Holder.delegate(java.lang.Object, java.lang.Object, java.lang.Object, java.lang.Object, java.lang.Object, java.lang.Object, java.lang.Object, java.lang.Object, java.lang.Object, java.lang.Object, java.lang.Object, java.lang.Object, java.lang.Object, java.lang.Object, java.lang.Object, java.lang.Object, java.lang.Object)'> (0x00000000a72bdd68) thrown at [./src/hotspot/share/interpreter/l
Event: 13.575 Thread 0x000002e419729000 Exception <a 'java/lang/NoSuchMethodError'{0x00000000a7101c98}: 'java.lang.Object java.lang.invoke.DirectMethodHandle$Holder.invokeStatic(java.lang.Object, java.lang.Object, java.lang.Object, java.lang.Object, java.lang.Object, java.lang.Object, java.lang.Object, java.lang.Object, java.lang.Object, java.lang.Object, java.lang.Object, java.lang.Object, java.lang.Object, java.lang.Object, java.lang.Object)'> (0x00000000a7101c98) thrown at [./src/hotspot/share/interpreter/linkResolver.cpp, line 773]
Event: 13.578 Thread 0x000002e419729000 Exception <a 'java/lang/NoSuchMethodError'{0x00000000a7111148}: 'java.lang.Object java.lang.invoke.DirectMethodHandle$Holder.invokeStatic(java.lang.Object, java.lang.Object, java.lang.Object, java.lang.Object, java.lang.Object, java.lang.Object, java.lang.Object, java.lang.Object, java.lang.Object, java.lang.Object, java.lang.Object, java.lang.Object, java.lang.Object, java.lang.Object, java.lang.Object, java.lang.Object)'> (0x00000000a7111148) thrown at [./src/hotspot/share/interpreter/linkResolver.cpp, l
Event: 13.579 Thread 0x000002e419729000 Exception <a 'java/lang/NoSuchMethodError'{0x00000000a71202f8}: 'java.lang.Object java.lang.invoke.DelegatingMethodHandle$Holder.reinvoke_L(java.lang.Object, java.lang.Object, java.lang.Object, java.lang.Object, java.lang.Object, java.lang.Object, java.lang.Object, java.lang.Object, java.lang.Object, java.lang.Object, java.lang.Object, java.lang.Object, java.lang.Object, java.lang.Object, java.lang.Object, java.lang.Object)'> (0x00000000a71202f8) thrown at [./src/hotspot/share/interpreter/linkResolver.cpp,
Event: 13.668 Thread 0x000002e419729000 Exception <a 'java/lang/NoSuchMethodError'{0x00000000a6e151a8}: 'java.lang.Object java.lang.invoke.DirectMethodHandle$Holder.invokeStatic(java.lang.Object, java.lang.Object, java.lang.Object, int)'> (0x00000000a6e151a8) thrown at [./src/hotspot/share/interpreter/linkResolver.cpp, line 773]
Event: 13.669 Thread 0x000002e419729000 Exception <a 'java/lang/NoSuchMethodError'{0x00000000a6e19a68}: 'java.lang.Object java.lang.invoke.DirectMethodHandle$Holder.invokeSpecial(java.lang.Object, java.lang.Object, java.lang.Object, java.lang.Object, int)'> (0x00000000a6e19a68) thrown at [./src/hotspot/share/interpreter/linkResolver.cpp, line 773]
Event: 13.670 Thread 0x000002e419729000 Exception <a 'java/lang/NoSuchMethodError'{0x00000000a6e1dc48}: 'java.lang.Object java.lang.invoke.Invokers$Holder.linkToTargetMethod(java.lang.Object, java.lang.Object, int, java.lang.Object)'> (0x00000000a6e1dc48) thrown at [./src/hotspot/share/interpreter/linkResolver.cpp, line 773]
Event: 13.680 Thread 0x000002e419729000 Exception <a 'java/lang/NoSuchMethodError'{0x00000000a6e629a8}: 'int java.lang.invoke.DirectMethodHandle$Holder.invokeInterface(java.lang.Object, java.lang.Object)'> (0x00000000a6e629a8) thrown at [./src/hotspot/share/interpreter/linkResolver.cpp, line 773]
Event: 13.681 Thread 0x000002e419729000 Exception <a 'java/lang/IncompatibleClassChangeError'{0x00000000a6e66488}: Found class java.lang.Object, but interface was expected> (0x00000000a6e66488) thrown at [./src/hotspot/share/interpreter/linkResolver.cpp, line 839]
Event: 13.834 Thread 0x000002e419729000 Exception <a 'java/lang/NoSuchMethodError'{0x00000000a6777dd0}: 'int java.lang.invoke.DirectMethodHandle$Holder.invokeStaticInit(java.lang.Object)'> (0x00000000a6777dd0) thrown at [./src/hotspot/share/interpreter/linkResolver.cpp, line 773]
Event: 14.471 Thread 0x000002e419729000 Exception <a 'java/lang/NoSuchMethodError'{0x00000000a5d5dc08}: 'void java.lang.invoke.DirectMethodHandle$Holder.invokeStatic(java.lang.Object, java.lang.Object, java.lang.Object, int, java.lang.Object)'> (0x00000000a5d5dc08) thrown at [./src/hotspot/share/interpreter/linkResolver.cpp, line 773]
Event: 15.707 Thread 0x000002e419729000 Exception <a 'java/lang/ClassNotFoundException'{0x00000000a776c2c8}: build_8tzbwk931tp12cq6c0hn6sk6aBeanInfo> (0x00000000a776c2c8) thrown at [./src/hotspot/share/classfile/systemDictionary.cpp, line 231]
Event: 15.708 Thread 0x000002e419729000 Exception <a 'java/lang/ClassNotFoundException'{0x00000000a7775070}: build_8tzbwk931tp12cq6c0hn6sk6aCustomizer> (0x00000000a7775070) thrown at [./src/hotspot/share/classfile/systemDictionary.cpp, line 231]

Events (20 events):
Event: 15.721 loading class org/gradle/api/internal/project/BuildOperationCrossProjectConfigurator$CrossConfigureProjectBuildOperation done
Event: 15.723 loading class groovy/runtime/metaclass/build_8tzbwk931tp12cq6c0hn6sk6a$_run_closure1$_closure5MetaClass
Event: 15.723 loading class groovy/runtime/metaclass/build_8tzbwk931tp12cq6c0hn6sk6a$_run_closure1$_closure5MetaClass done
Event: 15.845 Thread 0x000002e41c013000 Thread added: 0x000002e41c013000
Event: 15.913 loading class org/gradle/api/internal/file/DefaultFilePropertyFactory$FixedDirectory
Event: 15.913 loading class org/gradle/api/internal/file/DefaultFilePropertyFactory$FixedDirectory done
Event: 15.914 loading class org/gradle/api/internal/file/DefaultFilePropertyFactory$DefaultDirectoryVar
Event: 15.914 loading class org/gradle/api/internal/file/DefaultFilePropertyFactory$DefaultDirectoryVar done
Event: 15.917 loading class groovy/runtime/metaclass/build_8tzbwk931tp12cq6c0hn6sk6a$_run_closure2MetaClass
Event: 15.917 loading class groovy/runtime/metaclass/build_8tzbwk931tp12cq6c0hn6sk6a$_run_closure2MetaClass done
Event: 15.919 loading class org/gradle/api/internal/provider/MappingProvider
Event: 15.919 loading class org/gradle/api/internal/provider/MappingProvider done
Event: 15.920 loading class org/gradle/api/internal/file/DefaultFilePropertyFactory$ToFileTransformer
Event: 15.920 loading class org/gradle/api/internal/file/DefaultFilePropertyFactory$ToFileTransformer done
Event: 15.968 loading class groovy/runtime/metaclass/build_8tzbwk931tp12cq6c0hn6sk6a$_run_closure3MetaClass
Event: 15.968 loading class groovy/runtime/metaclass/build_8tzbwk931tp12cq6c0hn6sk6a$_run_closure3MetaClass done
Event: 16.056 loading class groovy/runtime/metaclass/build_s4sle8tt6vyt8dmbsteytycxMetaClass
Event: 16.056 loading class groovy/runtime/metaclass/build_s4sle8tt6vyt8dmbsteytycxMetaClass done
Event: 16.058 loading class build_s4sle8tt6vyt8dmbsteytycxBeanInfo
Event: 16.058 loading class build_s4sle8tt6vyt8dmbsteytycxBeanInfo done


Dynamic libraries:
0x00007ff792dd0000 - 0x00007ff792dda000 	C:\Program Files\Android\Android Studio\jre\bin\java.exe
0x00007ffcfd810000 - 0x00007ffcfda05000 	C:\Windows\SYSTEM32\ntdll.dll
0x00007ffcfcb80000 - 0x00007ffcfcc3e000 	C:\Windows\System32\KERNEL32.DLL
0x00007ffcfb040000 - 0x00007ffcfb308000 	C:\Windows\System32\KERNELBASE.dll
0x00007ffcfb340000 - 0x00007ffcfb440000 	C:\Windows\System32\ucrtbase.dll
0x00007ffcd73e0000 - 0x00007ffcd73f7000 	C:\Program Files\Android\Android Studio\jre\bin\VCRUNTIME140.dll
0x00007ffcd6830000 - 0x00007ffcd6849000 	C:\Program Files\Android\Android Studio\jre\bin\jli.dll
0x00007ffcfcc40000 - 0x00007ffcfcde0000 	C:\Windows\System32\USER32.dll
0x00007ffce8130000 - 0x00007ffce83ca000 	C:\Windows\WinSxS\amd64_microsoft.windows.common-controls_6595b64144ccf1df_6.0.19041.1110_none_60b5254171f9507e\COMCTL32.dll
0x00007ffcfb310000 - 0x00007ffcfb332000 	C:\Windows\System32\win32u.dll
0x00007ffcfd040000 - 0x00007ffcfd0de000 	C:\Windows\System32\msvcrt.dll
0x00007ffcfc1d0000 - 0x00007ffcfc1fb000 	C:\Windows\System32\GDI32.dll
0x00007ffcfb760000 - 0x00007ffcfb86b000 	C:\Windows\System32\gdi32full.dll
0x00007ffcfb440000 - 0x00007ffcfb4dd000 	C:\Windows\System32\msvcp_win.dll
0x00007ffcfc260000 - 0x00007ffcfc290000 	C:\Windows\System32\IMM32.DLL
0x00007ffcbc020000 - 0x00007ffcbc0bd000 	C:\Program Files\Android\Android Studio\jre\bin\msvcp140.dll
0x00007ffc9ffb0000 - 0x00007ffca0a85000 	C:\Program Files\Android\Android Studio\jre\bin\server\jvm.dll
0x00007ffcfce60000 - 0x00007ffcfcf0e000 	C:\Windows\System32\ADVAPI32.dll
0x00007ffcfcae0000 - 0x00007ffcfcb7c000 	C:\Windows\System32\sechost.dll
0x00007ffcfcf10000 - 0x00007ffcfd035000 	C:\Windows\System32\RPCRT4.dll
0x00007ffcfc700000 - 0x00007ffcfc708000 	C:\Windows\System32\PSAPI.DLL
0x00007ffce3720000 - 0x00007ffce3729000 	C:\Windows\SYSTEM32\WSOCK32.dll
0x00007ffcfc710000 - 0x00007ffcfc77b000 	C:\Windows\System32\WS2_32.dll
0x00007ffce63b0000 - 0x00007ffce63d7000 	C:\Windows\SYSTEM32\WINMM.dll
0x00007ffcf1f10000 - 0x00007ffcf1f1a000 	C:\Windows\SYSTEM32\VERSION.dll
0x00007ffcf97d0000 - 0x00007ffcf97e2000 	C:\Windows\SYSTEM32\kernel.appcore.dll
0x00007ffcd66e0000 - 0x00007ffcd66f1000 	C:\Program Files\Android\Android Studio\jre\bin\verify.dll
0x00007ffcf8d30000 - 0x00007ffcf8f14000 	C:\Windows\SYSTEM32\DBGHELP.DLL
0x00007ffce5eb0000 - 0x00007ffce5edc000 	C:\Windows\SYSTEM32\dbgcore.DLL
0x00007ffcfaf30000 - 0x00007ffcfafb2000 	C:\Windows\System32\bcryptPrimitives.dll
0x00007ffcd30d0000 - 0x00007ffcd30f9000 	C:\Program Files\Android\Android Studio\jre\bin\java.dll
0x00007ffcea5d0000 - 0x00007ffcea5db000 	C:\Program Files\Android\Android Studio\jre\bin\jimage.dll
0x00007ffcd5770000 - 0x00007ffcd5788000 	C:\Program Files\Android\Android Studio\jre\bin\zip.dll
0x00007ffcfba70000 - 0x00007ffcfc1b4000 	C:\Windows\System32\SHELL32.dll
0x00007ffcf9020000 - 0x00007ffcf97b4000 	C:\Windows\SYSTEM32\windows.storage.dll
0x00007ffcfd350000 - 0x00007ffcfd6a4000 	C:\Windows\System32\combase.dll
0x00007ffcfa920000 - 0x00007ffcfa94c000 	C:\Windows\SYSTEM32\Wldp.dll
0x00007ffcfc9a0000 - 0x00007ffcfca4d000 	C:\Windows\System32\SHCORE.dll
0x00007ffcfd0e0000 - 0x00007ffcfd135000 	C:\Windows\System32\shlwapi.dll
0x00007ffcfae70000 - 0x00007ffcfae8f000 	C:\Windows\SYSTEM32\profapi.dll
0x00007ffcd5520000 - 0x00007ffcd553a000 	C:\Program Files\Android\Android Studio\jre\bin\net.dll
0x00007ffce9c80000 - 0x00007ffce9d89000 	C:\Windows\SYSTEM32\WINHTTP.dll
0x00007ffcfa680000 - 0x00007ffcfa6ea000 	C:\Windows\system32\mswsock.dll
0x00007ffcd3d30000 - 0x00007ffcd3d44000 	C:\Program Files\Android\Android Studio\jre\bin\nio.dll
0x00007ffccf570000 - 0x00007ffccf596000 	C:\Users\DELL\.gradle\native\fdc75f09e3144964f2cf3f50f0aa648679c211496f362492102eb8c894070792\windows-amd64\native-platform.dll
0x00007ffcb9a70000 - 0x00007ffcb9c01000 	C:\Users\DELL\.gradle\native\12488b8bf47d2d4c9fbf2f6322a914ad602e24e48041cd04a747c6da556b65c4\windows-amd64\native-platform-file-events.dll
0x00007ffcea1d0000 - 0x00007ffcea1da000 	C:\Program Files\Android\Android Studio\jre\bin\management.dll
0x00007ffcea150000 - 0x00007ffcea15d000 	C:\Program Files\Android\Android Studio\jre\bin\management_ext.dll
0x00007ffcfa870000 - 0x00007ffcfa888000 	C:\Windows\SYSTEM32\CRYPTSP.dll
0x00007ffcf9fa0000 - 0x00007ffcf9fd4000 	C:\Windows\system32\rsaenh.dll
0x00007ffcfb010000 - 0x00007ffcfb037000 	C:\Windows\System32\bcrypt.dll
0x00007ffcfadf0000 - 0x00007ffcfae1e000 	C:\Windows\SYSTEM32\USERENV.dll
0x00007ffcfa890000 - 0x00007ffcfa89c000 	C:\Windows\SYSTEM32\CRYPTBASE.dll
0x00007ffcfa310000 - 0x00007ffcfa34b000 	C:\Windows\SYSTEM32\IPHLPAPI.DLL
0x00007ffcfc1c0000 - 0x00007ffcfc1c8000 	C:\Windows\System32\NSI.dll
0x00007ffcf2040000 - 0x00007ffcf2057000 	C:\Windows\SYSTEM32\dhcpcsvc6.DLL
0x00007ffcf2020000 - 0x00007ffcf203d000 	C:\Windows\SYSTEM32\dhcpcsvc.DLL
0x00007ffcfa350000 - 0x00007ffcfa41a000 	C:\Windows\SYSTEM32\DNSAPI.dll
0x00007ffcf2210000 - 0x00007ffcf221b000 	C:\Windows\SYSTEM32\WINNSI.DLL

dbghelp: loaded successfully - version: 4.0.5 - missing functions: none
symbol engine: initialized successfully - sym options: 0x614 - pdb path: .;C:\Program Files\Android\Android Studio\jre\bin;C:\Windows\SYSTEM32;C:\Windows\WinSxS\amd64_microsoft.windows.common-controls_6595b64144ccf1df_6.0.19041.1110_none_60b5254171f9507e;C:\Program Files\Android\Android Studio\jre\bin\server;C:\Users\DELL\.gradle\native\fdc75f09e3144964f2cf3f50f0aa648679c211496f362492102eb8c894070792\windows-amd64;C:\Users\DELL\.gradle\native\12488b8bf47d2d4c9fbf2f6322a914ad602e24e48041cd04a747c6da556b65c4\windows-amd64

VM Arguments:
jvm_args: --add-opens=java.base/java.util=ALL-UNNAMED --add-opens=java.base/java.lang=ALL-UNNAMED --add-opens=java.base/java.lang.invoke=ALL-UNNAMED --add-opens=java.prefs/java.util.prefs=ALL-UNNAMED -Xmx1536M -Dfile.encoding=windows-1252 -Duser.country=IN -Duser.language=en -Duser.variant 
java_command: org.gradle.launcher.daemon.bootstrap.GradleDaemon 6.7
java_class_path (initial): C:\Users\DELL\.gradle\wrapper\dists\gradle-6.7-all\cuy9mc7upwgwgeb72wkcrupxe\gradle-6.7\lib\gradle-launcher-6.7.jar
Launcher Type: SUN_STANDARD

[Global flags]
     intx CICompilerCount                          = 3                                         {product} {ergonomic}
     uint ConcGCThreads                            = 1                                         {product} {ergonomic}
     uint G1ConcRefinementThreads                  = 4                                         {product} {ergonomic}
   size_t G1HeapRegionSize                         = 1048576                                   {product} {ergonomic}
    uintx GCDrainStackTargetSize                   = 64                                        {product} {ergonomic}
   size_t InitialHeapSize                          = 134217728                                 {product} {ergonomic}
   size_t MarkStackSize                            = 4194304                                   {product} {ergonomic}
   size_t MaxHeapSize                              = 1610612736                                {product} {command line}
   size_t MaxNewSize                               = 965738496                                 {product} {ergonomic}
   size_t MinHeapDeltaBytes                        = 1048576                                   {product} {ergonomic}
    uintx NonNMethodCodeHeapSize                   = 5830732                                {pd product} {ergonomic}
    uintx NonProfiledCodeHeapSize                  = 122913754                              {pd product} {ergonomic}
    uintx ProfiledCodeHeapSize                     = 122913754                              {pd product} {ergonomic}
    uintx ReservedCodeCacheSize                    = 251658240                              {pd product} {ergonomic}
     bool SegmentedCodeCache                       = true                                      {product} {ergonomic}
     bool UseCompressedClassPointers               = true                                 {lp64_product} {ergonomic}
     bool UseCompressedOops                        = true                                 {lp64_product} {ergonomic}
     bool UseG1GC                                  = true                                      {product} {ergonomic}
     bool UseLargePagesIndividualAllocation        = false                                  {pd product} {ergonomic}

Logging:
Log output configuration:
 #0: stdout all=warning uptime,level,tags
 #1: stderr all=off uptime,level,tags

Environment Variables:
JAVA_HOME=C:\Program Files\Android\Android Studio\jre
CLASSPATH=D:\recipes-mobile-app\android\\gradle\wrapper\gradle-wrapper.jar
PATH=C:\Windows\system32;C:\Windows;C:\Windows\System32\Wbem;C:\Windows\System32\WindowsPowerShell\v1.0\;C:\Windows\System32\OpenSSH\;C:\Program Files\Git\cmd;C:\Users\DELL\AppData\Local\Microsoft\WindowsApps;C:\Program Files\Android\Android Studio\bin;C:\Program Files\Git\bin;C:\flutter\bin;C:\Users\DELL\AppData\Local\Programs\Microsoft VS Code\bin;C:\Users\DELL\AppData\Local\Android\Sdk;C:\Users\DELL\AppData\Local\Android\Sdk\platform-tools;C:\Users\DELL\AppData\Local\Programs\Microsoft VS Code\bin;;C:\flutter\bin\mingit\cmd
USERNAME=DELL
OS=Windows_NT
PROCESSOR_IDENTIFIER=Intel64 Family 6 Model 78 Stepping 3, GenuineIntel



---------------  S Y S T E M  ---------------

OS: Windows 10 , 64 bit Build 19041 (10.0.19041.1566)
OS uptime: 20 days 5:44 hours

CPU:total 4 (initial active 4) (2 cores per cpu, 2 threads per core) family 6 model 78 stepping 3 microcode 0xcc, cmov, cx8, fxsr, mmx, sse, sse2, sse3, ssse3, sse4.1, sse4.2, popcnt, avx, avx2, aes, clmul, erms, rtm, 3dnowpref, lzcnt, ht, tsc, tscinvbit, bmi1, bmi2, adx, fma

Memory: 4k page, system-wide physical 8076M (413M free)
TotalPageFile size 20499M (AvailPageFile size 15M)
current process WorkingSet (physical memory assigned to process): 257M, peak: 261M
current process commit charge ("private bytes"): 318M, peak: 325M

vm_info: OpenJDK 64-Bit Server VM (11.0.11+9-b60-7590822) for windows-amd64 JRE (11.0.11+9-b60-7590822), built on Jul 29 2021 21:43:44 by "builder" with MS VC++ 14.0 (VS2015)

END.
